2019-11-15 15:54:29,058 test_chengzu_case.py--> setUp 20: INFO ----->出租
2019-11-15 15:55:02,028 test_chengzu_case.py--> setUp 20: INFO ----->出租
2019-11-15 15:55:33,105 test_chengzu_case.py--> setUp 20: INFO ----->出租
2019-11-15 15:56:56,085 test_chengzu_case.py--> setUp 20: INFO ----->出租
2019-11-15 15:57:27,184 test_chengzu_case.py--> setUp 20: INFO ----->出租
2019-11-15 15:57:55,231 test_chengzu_case.py--> setUp 20: INFO ----->出租
2019-11-15 15:58:24,462 test_chengzu_case.py--> setUp 20: INFO ----->出租
2019-11-15 17:21:46,163 test_chengzu_case.py--> setUp 20: INFO ----->出租
2019-11-15 17:22:32,455 test_chengzu_case.py--> setUp 20: INFO ----->出租
2019-11-15 17:22:46,611 test_chengzu_case.py--> setUp 20: INFO ----->出租
2019-11-15 17:42:10,972 test_chengzu_case.py--> setUp 20: INFO ----->出租
2019-11-15 17:42:55,113 test_chengzu_case.py--> setUp 20: INFO ----->出租
2019-11-15 17:43:24,277 test_chengzu_case.py--> setUp 20: INFO ----->出租
2019-11-15 17:44:06,043 test_chuzu_case.py--> setUp 20: INFO ----->出租
2019-11-15 17:45:06,052 test_fenpei_case.py--> setUp 20: INFO ----->分配
2019-11-15 17:45:59,822 test_chengzu_case.py--> setUp 20: INFO ----->出租
2019-11-15 17:46:35,492 test_chengzu_case.py--> setUp 20: INFO ----->出租
2019-11-15 17:47:19,890 test_chengzu_case.py--> setUp 20: INFO ----->出租
2019-11-15 17:50:48,757 test_chengzu_case.py--> setUp 20: INFO ----->出租
2019-11-15 17:51:20,433 test_chengzu_case.py--> setUp 20: INFO ----->出租
2019-11-15 17:51:48,574 test_chengzu_case.py--> setUp 20: INFO ----->出租
2019-11-15 17:54:25,807 test_chengzu_case.py--> setUp 20: INFO ----->出租
2019-11-15 17:55:02,428 test_chengzu_case.py--> setUp 20: INFO ----->出租
2019-11-15 17:55:48,857 test_chengzu_case.py--> setUp 20: INFO ----->出租
2019-11-15 17:57:02,664 test_chengzu_case.py--> setUp 20: INFO ----->出租
2019-11-15 18:02:17,637 test_chengzu_case.py--> setUp 20: INFO ----->出租
2019-11-15 18:04:00,138 test_chengzu_case.py--> setUp 20: INFO ----->出租
2019-11-15 18:04:32,323 test_chengzu_case.py--> setUp 20: INFO ----->出租
2019-11-15 18:05:23,171 test_chengzu_case.py--> setUp 20: INFO ----->出租
2019-11-15 18:06:18,185 test_chuzu_case.py--> setUp 20: INFO ----->出租
2019-11-15 18:11:20,775 test_chuzu_case.py--> setUp 20: INFO ----->出租
2019-11-15 18:13:04,193 test_chuzu_case.py--> setUp 20: INFO ----->出租
2019-11-15 18:17:29,264 test_fenpei_case.py--> setUp 20: INFO ----->分配
2019-11-15 18:18:16,765 test_fenpei_case.py--> setUp 20: INFO ----->分配
2019-11-15 18:18:59,033 test_fenpei_case.py--> setUp 20: INFO ----->分配
2019-11-15 18:20:24,655 test_guihuan_case.py--> setUp 20: INFO ----->归还
2019-11-15 18:21:26,228 test_guihuan_case.py--> setUp 20: INFO ----->归还
2019-11-15 18:23:59,249 test_shouhui_case.py--> setUp 20: INFO ----->收回
2019-11-15 18:25:01,450 test_shouhui_case.py--> setUp 20: INFO ----->收回
