2019-11-22 09:03:21,337 test_chengzu_case.py--> setUp 20: INFO ----->出租
2019-11-22 09:04:25,567 test_chengzu_case.py--> setUp 20: INFO ----->出租
2019-11-22 09:04:58,419 test_chengzu_case.py--> setUp 20: INFO ----->出租
2019-11-22 09:05:43,682 test_chuzu_case.py--> setUp 20: INFO ----->出租
2019-11-22 09:08:02,321 test_fenpei_case.py--> setUp 20: INFO ----->分配
2019-11-22 09:08:57,655 test_fenpei_case.py--> setUp 20: INFO ----->分配
2019-11-22 09:09:49,407 test_fenpei_case.py--> setUp 20: INFO ----->分配
2019-11-22 09:10:46,612 test_guihuan_case.py--> setUp 20: INFO ----->归还
2019-11-22 09:14:28,569 test_guihuan_case.py--> setUp 20: INFO ----->归还
2019-11-22 09:17:06,625 test_shouhui_case.py--> setUp 20: INFO ----->收回
2019-11-22 09:18:21,766 test_shouhui_case.py--> setUp 20: INFO ----->收回
2019-11-22 09:19:34,515 test_shouhui_case.py--> setUp 20: INFO ----->收回
2019-11-22 09:20:30,414 test_shouhui_case.py--> setUp 20: INFO ----->收回
2019-11-22 09:21:32,354 test_zhuanyi_case.py--> setUp 20: INFO ----->转移流程
2019-11-22 09:22:54,084 test_zhuanyi_case.py--> setUp 20: INFO ----->转移流程
2019-11-22 09:23:51,372 test_zhuanyi_case.py--> setUp 20: INFO ----->转移流程
2019-11-22 09:24:42,133 test_zhuanyi_case.py--> setUp 20: INFO ----->转移流程
2019-11-22 09:27:55,024 test_fenpei_case.py--> setUp 20: INFO ----->分配
2019-11-22 09:29:45,888 test_fenpei_case.py--> setUp 20: INFO ----->分配
2019-11-22 09:31:17,995 test_guihuan_case.py--> setUp 20: INFO ----->归还
2019-11-22 09:39:13,025 test_guihuan_case.py--> setUp 20: INFO ----->归还
