2019-04-24 16:09:45,873 test_001_login_case.py--> setUp 20: INFO ----->this is chrome
2019-04-24 16:16:46,100 test_001_login_case.py--> setUp 20: INFO ----->this is chrome
2019-04-24 18:07:15,052 test_001_login_case.py--> setUp 20: INFO ----->this is chrome
2019-04-24 18:07:16,467 test_001_login_case.py--> setUp 20: INFO ----->this is chrome
2019-04-24 18:07:17,358 test_001_login_case.py--> setUp 20: INFO ----->this is chrome
2019-04-24 18:07:18,317 test_001_login_case.py--> setUp 20: INFO ----->this is chrome
2019-04-24 18:07:19,272 test_001_login_case.py--> setUp 20: INFO ----->this is chrome
2019-04-24 18:07:45,745 test_002_shenl_case.py--> setUp 20: INFO ----->配置管理
2019-04-24 18:08:11,850 test_002_shenl_case.py--> setUp 20: INFO ----->配置管理
2019-04-24 18:08:32,181 test_002_shenl_case.py--> setUp 20: INFO ----->配置管理
2019-04-24 18:09:05,260 test_002_shenl_case.py--> setUp 20: INFO ----->配置管理
2019-04-24 18:09:30,143 test_002_shenl_case.py--> setUp 20: INFO ----->配置管理
2019-04-24 18:09:54,459 test_002_shenl_case.py--> setUp 20: INFO ----->配置管理
2019-04-24 18:10:14,139 test_002_shenl_case.py--> setUp 20: INFO ----->配置管理
2019-04-24 18:10:47,212 test_003_yans_case.py--> setUp 20: INFO ----->验收
2019-04-24 18:10:57,248 test_003_yans_case.py--> setUp 20: INFO ----->验收
2019-04-24 18:11:04,947 test_003_yans_case.py--> setUp 20: INFO ----->验收
2019-04-24 18:11:19,952 test_003_yans_case.py--> setUp 20: INFO ----->验收
2019-04-24 18:11:47,939 test_004_dengz_case.py--> setUp 20: INFO ----->登账
2019-04-24 18:12:08,034 test_005_fenp_case.py--> setUp 20: INFO ----->分配
