2019-12-02 09:24:29,366 test_002_shenl_case.py--> setup 20: INFO ----->配置管理
2019-12-02 09:25:12,066 test_002_shenl_case.py--> setup 20: INFO ----->配置管理
2019-12-02 09:25:49,211 test_002_shenl_case.py--> setup 20: INFO ----->配置管理
2019-12-02 09:26:25,279 test_002_shenl_case.py--> setup 20: INFO ----->配置管理
2019-12-02 09:27:09,431 test_002_shenl_case.py--> setup 20: INFO ----->配置管理
2019-12-02 09:27:53,481 test_002_shenl_case.py--> setup 20: INFO ----->配置管理
2019-12-02 09:28:36,740 test_002_shenl_case.py--> setup 20: INFO ----->配置管理
2019-12-02 09:29:31,594 test_003_yans_case.py--> setup 20: INFO ----->验收
2019-12-02 09:30:08,498 test_003_yans_case.py--> setup 20: INFO ----->验收
2019-12-02 09:30:35,438 test_003_yans_case.py--> setup 20: INFO ----->验收
2019-12-02 09:31:11,735 test_003_yans_case.py--> setup 20: INFO ----->验收
2019-12-02 09:32:10,143 test_004_dengz_case.py--> setup 20: INFO ----->登账
2019-12-02 09:33:33,515 test_004_dengz_case.py--> setup 20: INFO ----->登账
2019-12-02 09:34:57,235 test_005_fenpei_case.py--> setup 20: INFO ----->分配
2019-12-02 09:35:17,280 test_005_fenpei_case.py--> setup 20: INFO ----->分配
2019-12-02 09:37:59,758 test_005_fenpei_case.py--> setup 20: INFO ----->分配
2019-12-02 09:39:35,941 test_006_guihuan_case.py--> setup 20: INFO ----->归还
2019-12-02 09:41:02,021 test_006_guihuan_case.py--> setup 20: INFO ----->归还
2019-12-02 09:42:39,975 test_007_zhuanyi_case.py--> setup 20: INFO ----->转移流程
2019-12-02 09:44:04,699 test_007_zhuanyi_case.py--> setup 20: INFO ----->转移流程
2019-12-02 09:45:26,030 test_007_zhuanyi_case.py--> setup 20: INFO ----->转移流程
2019-12-02 09:48:37,120 test_007_zhuanyi_case.py--> setup 20: INFO ----->转移流程
2019-12-02 09:52:25,010 test_008_shouhui_case.py--> setup 20: INFO ----->收回
2019-12-02 14:10:22,826 test_009_user_weix_case.py--> setup 20: INFO ----->维修
