2019-12-12 14:25:22,429 test_001_login_case.py--> setup 20: INFO ----->this is chrome
2019-12-12 14:25:24,121 test_001_login_case.py--> setup 20: INFO ----->this is chrome
2019-12-12 14:25:25,606 test_001_login_case.py--> setup 20: INFO ----->this is chrome
2019-12-12 14:25:27,215 test_001_login_case.py--> setup 20: INFO ----->this is chrome
2019-12-12 14:25:28,733 test_001_login_case.py--> setup 20: INFO ----->this is chrome
2019-12-12 14:27:08,491 test_001_login_case.py--> setup 20: INFO ----->this is chrome
2019-12-12 14:38:14,419 test_001_login_case.py--> setup 20: INFO ----->this is chrome
2019-12-12 14:38:15,932 test_001_login_case.py--> setup 20: INFO ----->this is chrome
2019-12-12 14:38:17,420 test_001_login_case.py--> setup 20: INFO ----->this is chrome
2019-12-12 14:38:19,071 test_001_login_case.py--> setup 20: INFO ----->this is chrome
2019-12-12 14:38:20,435 test_001_login_case.py--> setup 20: INFO ----->this is chrome
2019-12-12 14:38:34,837 test_002_shenl_case.py--> setup 20: INFO ----->配置管理
2019-12-12 14:39:13,985 test_002_shenl_case.py--> setup 20: INFO ----->配置管理
2019-12-12 14:39:48,942 test_002_shenl_case.py--> setup 20: INFO ----->配置管理
2019-12-12 14:40:23,540 test_002_shenl_case.py--> setup 20: INFO ----->配置管理
2019-12-12 14:41:07,220 test_002_shenl_case.py--> setup 20: INFO ----->配置管理
2019-12-12 14:42:06,367 test_002_shenl_case.py--> setup 20: INFO ----->配置管理
2019-12-12 14:42:48,541 test_002_shenl_case.py--> setup 20: INFO ----->配置管理
2019-12-12 14:43:40,913 test_003_yans_case.py--> setup 20: INFO ----->验收
2019-12-12 14:44:13,260 test_003_yans_case.py--> setup 20: INFO ----->验收
2019-12-12 14:44:35,780 test_003_yans_case.py--> setup 20: INFO ----->验收
2019-12-12 14:45:08,934 test_003_yans_case.py--> setup 20: INFO ----->验收
2019-12-12 14:45:55,225 test_004_dengz_case.py--> setup 20: INFO ----->登账
2019-12-12 14:46:57,848 test_004_dengz_case.py--> setup 20: INFO ----->登账
2019-12-12 14:48:05,826 test_005_fenpei_case.py--> setup 20: INFO ----->分配
2019-12-12 14:48:56,412 test_005_fenpei_case.py--> setup 20: INFO ----->分配
2019-12-12 14:49:46,249 test_005_fenpei_case.py--> setup 20: INFO ----->分配
2019-12-12 14:51:09,755 test_006_guihuan_case.py--> setup 20: INFO ----->归还
2019-12-12 14:52:13,532 test_006_guihuan_case.py--> setup 20: INFO ----->归还
2019-12-12 14:53:30,285 test_007_zhuanyi_case.py--> setup 20: INFO ----->转移流程
2019-12-12 14:54:31,458 test_007_zhuanyi_case.py--> setup 20: INFO ----->转移流程
2019-12-12 14:55:30,731 test_007_zhuanyi_case.py--> setup 20: INFO ----->转移流程
2019-12-12 14:57:00,030 test_007_zhuanyi_case.py--> setup 20: INFO ----->转移流程
2019-12-12 14:58:39,209 test_008_shouhui_case.py--> setup 20: INFO ----->收回
2019-12-12 14:59:37,967 test_008_shouhui_case.py--> setup 20: INFO ----->收回
2019-12-12 15:00:48,138 test_008_shouhui_case.py--> setup 20: INFO ----->收回
2019-12-12 15:01:45,776 test_008_shouhui_case.py--> setup 20: INFO ----->收回
2019-12-12 15:05:59,898 test_010_chuzu_case.py--> setup 20: INFO ----->出租
2019-12-12 15:06:55,960 test_011_chengzu_case.py--> setup 20: INFO ----->出租
2019-12-12 15:07:28,611 test_011_chengzu_case.py--> setup 20: INFO ----->出租
2019-12-12 15:08:13,001 test_011_chengzu_case.py--> setup 20: INFO ----->出租
2019-12-12 15:09:05,582 test_002_shenl_case.py--> setup 20: INFO ----->配置管理
2019-12-12 15:10:04,262 test_004_dengz_case.py--> setup 20: INFO ----->登账
2019-12-12 15:14:13,733 test_010_chuzu_case.py--> setup 20: INFO ----->出租
2019-12-12 15:15:08,937 test_011_chengzu_case.py--> setup 20: INFO ----->出租
2019-12-12 15:29:41,941 test_009_weix_case.py--> setup 20: INFO ----->维修
2019-12-12 15:30:40,195 test_009_weix_case.py--> setup 20: INFO ----->维修
2019-12-12 15:33:32,789 test_009_weix_case.py--> setup 20: INFO ----->维修
2019-12-12 15:37:30,023 test_009_weix_case.py--> setup 20: INFO ----->维修
2019-12-12 15:38:37,839 test_009_weix_case.py--> setup 20: INFO ----->维修
2019-12-12 15:39:09,388 test_009_weix_case.py--> setup 20: INFO ----->维修
2019-12-12 15:40:27,715 test_009_weix_case.py--> setup 20: INFO ----->维修
2019-12-12 15:41:09,291 test_009_weix_case.py--> setup 20: INFO ----->维修
2019-12-12 15:41:39,695 test_009_weix_case.py--> setup 20: INFO ----->维修
2019-12-12 15:41:49,948 test_009_weix_case.py--> setup 20: INFO ----->维修
2019-12-12 15:42:07,132 test_009_weix_case.py--> setup 20: INFO ----->维修
2019-12-12 15:42:23,859 test_009_weix_case.py--> setup 20: INFO ----->维修
2019-12-12 15:42:38,720 test_009_weix_case.py--> setup 20: INFO ----->维修
2019-12-12 15:42:44,009 test_009_weix_case.py--> setup 20: INFO ----->维修
2019-12-12 15:44:27,748 test_009_weix_case.py--> setup 20: INFO ----->维修
2019-12-12 15:48:21,213 test_009_weix_case.py--> setup 20: INFO ----->维修
2019-12-12 15:49:06,333 test_009_weix_case.py--> setup 20: INFO ----->维修
2019-12-12 15:51:33,445 test_009_weix_case.py--> setup 20: INFO ----->维修
2019-12-12 15:52:06,947 test_009_weix_case.py--> setup 20: INFO ----->维修
2019-12-12 15:53:50,997 test_009_weix_case.py--> setup 20: INFO ----->维修
2019-12-12 15:54:40,095 test_009_weix_case.py--> setup 20: INFO ----->维修
2019-12-12 15:56:53,255 test_009_weix_case.py--> setup 20: INFO ----->维修
2019-12-12 15:58:35,482 test_009_weix_case.py--> setup 20: INFO ----->维修
2019-12-12 15:59:23,084 test_009_weix_case.py--> setup 20: INFO ----->维修
2019-12-12 16:01:05,136 test_009_weix_case.py--> setup 20: INFO ----->维修
2019-12-12 16:03:14,542 test_009_weix_case.py--> setup 20: INFO ----->维修
2019-12-12 16:07:32,177 test_009_weix_case.py--> setup 20: INFO ----->维修
2019-12-12 16:08:21,091 test_009_weix_case.py--> setup 20: INFO ----->维修
2019-12-12 16:09:06,628 test_010_chuzu_case.py--> setup 20: INFO ----->出租
2019-12-12 16:12:12,409 test_010_chuzu_case.py--> setup 20: INFO ----->出租
2019-12-12 16:17:21,428 test_009_weix_case.py--> setup 20: INFO ----->维修
2019-12-12 16:20:12,535 test_001_login_case.py--> setup 20: INFO ----->this is chrome
2019-12-12 16:20:14,114 test_001_login_case.py--> setup 20: INFO ----->this is chrome
2019-12-12 16:20:15,590 test_001_login_case.py--> setup 20: INFO ----->this is chrome
2019-12-12 16:20:17,222 test_001_login_case.py--> setup 20: INFO ----->this is chrome
2019-12-12 16:20:18,624 test_001_login_case.py--> setup 20: INFO ----->this is chrome
2019-12-12 16:20:33,543 test_002_shenl_case.py--> setup 20: INFO ----->配置管理
2019-12-12 16:21:11,382 test_002_shenl_case.py--> setup 20: INFO ----->配置管理
2019-12-12 16:21:45,983 test_002_shenl_case.py--> setup 20: INFO ----->配置管理
2019-12-12 16:22:20,549 test_002_shenl_case.py--> setup 20: INFO ----->配置管理
2019-12-12 16:23:04,432 test_002_shenl_case.py--> setup 20: INFO ----->配置管理
2019-12-12 16:23:46,635 test_002_shenl_case.py--> setup 20: INFO ----->配置管理
2019-12-12 16:24:28,834 test_002_shenl_case.py--> setup 20: INFO ----->配置管理
2019-12-12 16:25:21,203 test_003_yans_case.py--> setup 20: INFO ----->验收
2019-12-12 16:25:54,489 test_003_yans_case.py--> setup 20: INFO ----->验收
2019-12-12 16:26:18,632 test_003_yans_case.py--> setup 20: INFO ----->验收
2019-12-12 16:26:52,948 test_003_yans_case.py--> setup 20: INFO ----->验收
2019-12-12 16:27:39,899 test_004_dengz_case.py--> setup 20: INFO ----->登账
2019-12-12 16:28:44,172 test_004_dengz_case.py--> setup 20: INFO ----->登账
2019-12-12 16:29:51,417 test_005_fenpei_case.py--> setup 20: INFO ----->分配
2019-12-12 16:30:42,733 test_005_fenpei_case.py--> setup 20: INFO ----->分配
2019-12-12 16:31:32,167 test_005_fenpei_case.py--> setup 20: INFO ----->分配
2019-12-12 16:32:52,602 test_006_guihuan_case.py--> setup 20: INFO ----->归还
2019-12-12 16:33:55,462 test_006_guihuan_case.py--> setup 20: INFO ----->归还
2019-12-12 16:35:13,686 test_007_zhuanyi_case.py--> setup 20: INFO ----->转移流程
2019-12-12 16:36:16,553 test_007_zhuanyi_case.py--> setup 20: INFO ----->转移流程
2019-12-12 16:37:18,383 test_007_zhuanyi_case.py--> setup 20: INFO ----->转移流程
2019-12-12 16:38:48,158 test_007_zhuanyi_case.py--> setup 20: INFO ----->转移流程
2019-12-12 16:40:29,672 test_008_shouhui_case.py--> setup 20: INFO ----->收回
2019-12-12 16:41:27,151 test_008_shouhui_case.py--> setup 20: INFO ----->收回
2019-12-12 16:42:33,442 test_008_shouhui_case.py--> setup 20: INFO ----->收回
2019-12-12 16:43:26,854 test_008_shouhui_case.py--> setup 20: INFO ----->收回
2019-12-12 16:47:32,122 test_010_chuzu_case.py--> setup 20: INFO ----->出租
2019-12-12 16:48:27,857 test_011_chengzu_case.py--> setup 20: INFO ----->出租
2019-12-12 16:49:00,316 test_011_chengzu_case.py--> setup 20: INFO ----->出租
2019-12-12 16:49:43,210 test_011_chengzu_case.py--> setup 20: INFO ----->出租
2019-12-12 16:50:35,125 test_004_dengz_case.py--> setup 20: INFO ----->登账
2019-12-12 16:54:44,318 test_010_chuzu_case.py--> setup 20: INFO ----->出租
2019-12-12 16:55:43,918 test_011_chengzu_case.py--> setup 20: INFO ----->出租
2019-12-12 17:05:07,456 test_009_weix_case.py--> setup 20: INFO ----->维修
2019-12-12 17:06:11,372 test_009_weix_case.py--> setup 20: INFO ----->维修
2019-12-12 17:06:39,095 test_009_weix_case.py--> setup 20: INFO ----->维修
2019-12-12 17:07:45,792 test_009_weix_case.py--> setup 20: INFO ----->维修
2019-12-12 17:08:22,336 test_009_weix_case.py--> setup 20: INFO ----->维修
2019-12-12 17:08:48,557 test_009_weix_case.py--> setup 20: INFO ----->维修
2019-12-12 17:08:57,708 test_009_weix_case.py--> setup 20: INFO ----->维修
2019-12-12 17:09:12,400 test_009_weix_case.py--> setup 20: INFO ----->维修
2019-12-12 17:09:26,832 test_009_weix_case.py--> setup 20: INFO ----->维修
2019-12-12 17:09:38,919 test_009_weix_case.py--> setup 20: INFO ----->维修
2019-12-12 17:09:42,539 test_009_weix_case.py--> setup 20: INFO ----->维修
2019-12-12 17:11:16,194 test_009_weix_case.py--> setup 20: INFO ----->维修
2019-12-12 17:12:07,930 test_009_weix_case.py--> setup 20: INFO ----->维修
2019-12-12 17:13:43,418 test_009_weix_case.py--> setup 20: INFO ----->维修
2019-12-12 17:14:32,090 test_009_weix_case.py--> setup 20: INFO ----->维修
2019-12-12 17:18:30,883 test_009_weix_case.py--> setup 20: INFO ----->维修
2019-12-12 17:19:17,753 test_009_weix_case.py--> setup 20: INFO ----->维修
2019-12-12 17:21:03,801 test_009_weix_case.py--> setup 20: INFO ----->维修
2019-12-12 17:21:51,451 test_009_weix_case.py--> setup 20: INFO ----->维修
2019-12-12 17:26:08,536 test_001_login_case.py--> setup 20: INFO ----->this is chrome
2019-12-12 17:26:10,292 test_001_login_case.py--> setup 20: INFO ----->this is chrome
2019-12-12 17:26:11,702 test_001_login_case.py--> setup 20: INFO ----->this is chrome
2019-12-12 17:26:13,360 test_001_login_case.py--> setup 20: INFO ----->this is chrome
2019-12-12 17:26:14,766 test_001_login_case.py--> setup 20: INFO ----->this is chrome
2019-12-12 17:26:31,088 test_002_shenl_case.py--> setup 20: INFO ----->配置管理
2019-12-12 17:27:09,543 test_002_shenl_case.py--> setup 20: INFO ----->配置管理
2019-12-12 17:27:44,808 test_002_shenl_case.py--> setup 20: INFO ----->配置管理
2019-12-12 17:28:19,531 test_002_shenl_case.py--> setup 20: INFO ----->配置管理
2019-12-12 17:29:03,354 test_002_shenl_case.py--> setup 20: INFO ----->配置管理
2019-12-12 17:29:45,384 test_002_shenl_case.py--> setup 20: INFO ----->配置管理
2019-12-12 17:30:28,336 test_002_shenl_case.py--> setup 20: INFO ----->配置管理
2019-12-12 17:31:22,604 test_003_yans_case.py--> setup 20: INFO ----->验收
2019-12-12 17:31:56,395 test_003_yans_case.py--> setup 20: INFO ----->验收
2019-12-12 17:32:22,279 test_003_yans_case.py--> setup 20: INFO ----->验收
2019-12-12 17:32:57,523 test_003_yans_case.py--> setup 20: INFO ----->验收
2019-12-12 17:33:46,873 test_004_dengz_case.py--> setup 20: INFO ----->登账
2019-12-12 17:35:03,247 test_004_dengz_case.py--> setup 20: INFO ----->登账
2019-12-12 17:36:15,999 test_005_fenpei_case.py--> setup 20: INFO ----->分配
2019-12-12 17:37:11,319 test_005_fenpei_case.py--> setup 20: INFO ----->分配
2019-12-12 17:38:04,265 test_005_fenpei_case.py--> setup 20: INFO ----->分配
2019-12-12 17:39:32,462 test_007_zhuanyi_case.py--> setup 20: INFO ----->转移流程
2019-12-12 17:40:37,120 test_007_zhuanyi_case.py--> setup 20: INFO ----->转移流程
2019-12-12 17:41:27,129 test_007_zhuanyi_case.py--> setup 20: INFO ----->转移流程
2019-12-12 17:42:14,274 test_007_zhuanyi_case.py--> setup 20: INFO ----->转移流程
2019-12-12 17:43:26,927 test_008_shouhui_case.py--> setup 20: INFO ----->收回
2019-12-12 17:43:33,964 test_008_shouhui_case.py--> setup 20: INFO ----->收回
2019-12-12 17:48:15,227 test_008_shouhui_case.py--> setup 20: INFO ----->收回
2019-12-12 17:48:33,087 test_008_shouhui_case.py--> setup 20: INFO ----->收回
2019-12-12 17:50:50,947 test_001_login_case.py--> setup 20: INFO ----->this is chrome
2019-12-12 17:50:52,551 test_001_login_case.py--> setup 20: INFO ----->this is chrome
2019-12-12 17:50:53,949 test_001_login_case.py--> setup 20: INFO ----->this is chrome
2019-12-12 17:50:55,509 test_001_login_case.py--> setup 20: INFO ----->this is chrome
2019-12-12 17:50:57,000 test_001_login_case.py--> setup 20: INFO ----->this is chrome
2019-12-12 17:51:10,273 test_002_shenl_case.py--> setup 20: INFO ----->配置管理
2019-12-12 17:51:48,380 test_002_shenl_case.py--> setup 20: INFO ----->配置管理
2019-12-12 17:52:24,435 test_002_shenl_case.py--> setup 20: INFO ----->配置管理
2019-12-12 17:53:58,068 test_001_login_case.py--> setup 20: INFO ----->this is chrome
2019-12-12 17:53:59,680 test_001_login_case.py--> setup 20: INFO ----->this is chrome
2019-12-12 17:54:01,023 test_001_login_case.py--> setup 20: INFO ----->this is chrome
2019-12-12 17:54:02,513 test_001_login_case.py--> setup 20: INFO ----->this is chrome
2019-12-12 17:54:03,917 test_001_login_case.py--> setup 20: INFO ----->this is chrome
2019-12-12 17:54:17,115 test_002_shenl_case.py--> setup 20: INFO ----->配置管理
2019-12-12 17:54:51,626 test_002_shenl_case.py--> setup 20: INFO ----->配置管理
2019-12-12 17:55:26,812 test_002_shenl_case.py--> setup 20: INFO ----->配置管理
2019-12-12 17:56:06,182 test_002_shenl_case.py--> setup 20: INFO ----->配置管理
2019-12-12 17:56:49,908 test_002_shenl_case.py--> setup 20: INFO ----->配置管理
2019-12-12 17:57:32,370 test_002_shenl_case.py--> setup 20: INFO ----->配置管理
2019-12-12 17:58:13,666 test_002_shenl_case.py--> setup 20: INFO ----->配置管理
2019-12-12 17:59:05,423 test_003_yans_case.py--> setup 20: INFO ----->验收
2019-12-12 17:59:09,591 test_003_yans_case.py--> setup 20: INFO ----->验收
2019-12-12 17:59:34,669 test_003_yans_case.py--> setup 20: INFO ----->验收
2019-12-12 17:59:38,699 test_003_yans_case.py--> setup 20: INFO ----->验收
2019-12-12 17:59:55,585 test_004_dengz_case.py--> setup 20: INFO ----->登账
2019-12-12 17:59:58,195 test_004_dengz_case.py--> setup 20: INFO ----->登账
2019-12-12 18:01:04,302 test_005_fenpei_case.py--> setup 20: INFO ----->分配
2019-12-12 18:01:08,224 test_005_fenpei_case.py--> setup 20: INFO ----->分配
2019-12-12 18:01:09,767 test_005_fenpei_case.py--> setup 20: INFO ----->分配
2019-12-12 18:01:25,752 test_006_guihuan_case.py--> setup 20: INFO ----->归还
2019-12-12 18:01:28,266 test_006_guihuan_case.py--> setup 20: INFO ----->归还
2019-12-12 18:01:44,508 test_007_zhuanyi_case.py--> setup 20: INFO ----->转移流程
2019-12-12 18:01:47,227 test_007_zhuanyi_case.py--> setup 20: INFO ----->转移流程
2019-12-12 18:01:48,821 test_007_zhuanyi_case.py--> setup 20: INFO ----->转移流程
2019-12-12 18:01:50,301 test_007_zhuanyi_case.py--> setup 20: INFO ----->转移流程
2019-12-12 18:02:26,842 test_001_login_case.py--> setup 20: INFO ----->this is chrome
2019-12-12 18:02:28,500 test_001_login_case.py--> setup 20: INFO ----->this is chrome
2019-12-12 18:02:29,887 test_001_login_case.py--> setup 20: INFO ----->this is chrome
2019-12-12 18:02:31,442 test_001_login_case.py--> setup 20: INFO ----->this is chrome
2019-12-12 18:02:32,968 test_001_login_case.py--> setup 20: INFO ----->this is chrome
2019-12-12 18:02:46,605 test_002_shenl_case.py--> setup 20: INFO ----->配置管理
2019-12-12 18:03:23,603 test_002_shenl_case.py--> setup 20: INFO ----->配置管理
2019-12-12 18:04:50,674 test_002_shenl_case.py--> setup 20: INFO ----->配置管理
2019-12-12 18:05:51,035 test_002_shenl_case.py--> setup 20: INFO ----->配置管理
2019-12-12 18:06:34,677 test_002_shenl_case.py--> setup 20: INFO ----->配置管理
2019-12-12 18:07:16,874 test_002_shenl_case.py--> setup 20: INFO ----->配置管理
2019-12-12 18:07:57,885 test_002_shenl_case.py--> setup 20: INFO ----->配置管理
2019-12-12 18:08:49,880 test_003_yans_case.py--> setup 20: INFO ----->验收
2019-12-12 18:08:53,691 test_003_yans_case.py--> setup 20: INFO ----->验收
2019-12-12 18:09:18,565 test_003_yans_case.py--> setup 20: INFO ----->验收
2019-12-12 18:09:22,605 test_003_yans_case.py--> setup 20: INFO ----->验收
2019-12-12 18:09:40,005 test_004_dengz_case.py--> setup 20: INFO ----->登账
2019-12-12 18:09:43,141 test_004_dengz_case.py--> setup 20: INFO ----->登账
2019-12-12 18:09:53,662 test_005_fenpei_case.py--> setup 20: INFO ----->分配
2019-12-12 18:09:56,549 test_005_fenpei_case.py--> setup 20: INFO ----->分配
2019-12-12 18:09:58,704 test_005_fenpei_case.py--> setup 20: INFO ----->分配
2019-12-12 18:10:15,215 test_006_guihuan_case.py--> setup 20: INFO ----->归还
2019-12-12 18:10:18,104 test_006_guihuan_case.py--> setup 20: INFO ----->归还
2019-12-12 18:10:34,800 test_007_zhuanyi_case.py--> setup 20: INFO ----->转移流程
2019-12-12 18:10:38,849 test_007_zhuanyi_case.py--> setup 20: INFO ----->转移流程
2019-12-12 18:10:40,853 test_007_zhuanyi_case.py--> setup 20: INFO ----->转移流程
2019-12-12 18:10:42,594 test_007_zhuanyi_case.py--> setup 20: INFO ----->转移流程
2019-12-12 18:11:00,589 test_008_shouhui_case.py--> setup 20: INFO ----->收回
2019-12-12 18:11:02,613 test_008_shouhui_case.py--> setup 20: INFO ----->收回
2019-12-12 18:11:02,692 test_008_shouhui_case.py--> setup 20: INFO ----->收回
2019-12-12 18:11:02,772 test_008_shouhui_case.py--> setup 20: INFO ----->收回
2019-12-12 18:12:30,719 test_011_chengzu_case.py--> setup 20: INFO ----->出租
2019-12-12 18:12:57,286 test_011_chengzu_case.py--> setup 20: INFO ----->出租
2019-12-12 18:13:09,444 test_011_chengzu_case.py--> setup 20: INFO ----->出租
2019-12-12 18:13:31,876 test_003_yans_case.py--> setup 20: INFO ----->验收
2019-12-12 18:13:36,415 test_003_yans_case.py--> setup 20: INFO ----->验收
2019-12-12 18:13:41,907 test_003_yans_case.py--> setup 20: INFO ----->验收
2019-12-12 18:13:59,952 test_004_dengz_case.py--> setup 20: INFO ----->登账
2019-12-12 18:14:03,129 test_004_dengz_case.py--> setup 20: INFO ----->登账
2019-12-12 18:14:13,511 test_005_fenpei_case.py--> setup 20: INFO ----->分配
2019-12-12 18:14:16,721 test_005_fenpei_case.py--> setup 20: INFO ----->分配
2019-12-12 18:14:18,688 test_005_fenpei_case.py--> setup 20: INFO ----->分配
2019-12-12 18:14:35,325 test_006_guihuan_case.py--> setup 20: INFO ----->归还
2019-12-12 18:14:38,213 test_006_guihuan_case.py--> setup 20: INFO ----->归还
2019-12-12 18:14:55,219 test_007_zhuanyi_case.py--> setup 20: INFO ----->转移流程
2019-12-12 18:14:58,193 test_007_zhuanyi_case.py--> setup 20: INFO ----->转移流程
2019-12-12 18:15:00,131 test_007_zhuanyi_case.py--> setup 20: INFO ----->转移流程
2019-12-12 18:15:02,037 test_007_zhuanyi_case.py--> setup 20: INFO ----->转移流程
2019-12-12 18:15:18,469 test_008_shouhui_case.py--> setup 20: INFO ----->收回
2019-12-12 18:15:21,114 test_008_shouhui_case.py--> setup 20: INFO ----->收回
2019-12-12 18:15:22,826 test_008_shouhui_case.py--> setup 20: INFO ----->收回
2019-12-12 18:15:24,654 test_008_shouhui_case.py--> setup 20: INFO ----->收回
2019-12-12 18:16:18,546 test_010_chuzu_case.py--> setup 20: INFO ----->出租
2019-12-12 18:18:29,711 test_011_chengzu_case.py--> setup 20: INFO ----->出租
2019-12-12 18:19:03,147 test_011_chengzu_case.py--> setup 20: INFO ----->出租
2019-12-12 18:19:46,064 test_011_chengzu_case.py--> setup 20: INFO ----->出租
