2019-04-23 10:50:42,287 test_009_weix_case.py--> setUp 20: INFO ----->登账
2019-04-23 10:51:32,827 test_009_weix_case.py--> setUp 20: INFO ----->登账
2019-04-23 10:52:15,949 test_009_weix_case.py--> setUp 20: INFO ----->登账
2019-04-23 10:56:29,205 test_009_weix_case.py--> setUp 20: INFO ----->登账
2019-04-23 11:05:53,870 test_002_shenl_case.py--> setUp 20: INFO ----->配置管理
2019-04-23 11:07:00,669 test_001_login_case.py--> setUp 20: INFO ----->this is chrome
2019-04-23 11:07:01,739 test_001_login_case.py--> setUp 20: INFO ----->this is chrome
2019-04-23 11:07:02,649 test_001_login_case.py--> setUp 20: INFO ----->this is chrome
2019-04-23 11:07:03,689 test_001_login_case.py--> setUp 20: INFO ----->this is chrome
2019-04-23 11:07:04,619 test_001_login_case.py--> setUp 20: INFO ----->this is chrome
2019-04-23 11:07:20,831 test_002_shenl_case.py--> setUp 20: INFO ----->配置管理
2019-04-23 11:07:32,299 test_002_shenl_case.py--> setUp 20: INFO ----->配置管理
2019-04-23 11:07:51,982 test_002_shenl_case.py--> setUp 20: INFO ----->配置管理
2019-04-23 11:08:16,009 test_002_shenl_case.py--> setUp 20: INFO ----->配置管理
2019-04-23 11:08:39,644 test_002_shenl_case.py--> setUp 20: INFO ----->配置管理
2019-04-23 11:08:51,553 test_002_shenl_case.py--> setUp 20: INFO ----->配置管理
2019-04-23 11:09:02,448 test_002_shenl_case.py--> setUp 20: INFO ----->配置管理
2019-04-23 11:09:26,360 test_003_yans_case.py--> setUp 20: INFO ----->验收
2019-04-23 11:09:47,059 test_003_yans_case.py--> setUp 20: INFO ----->验收
2019-04-23 11:10:06,010 test_003_yans_case.py--> setUp 20: INFO ----->验收
2019-04-23 11:10:31,757 test_003_yans_case.py--> setUp 20: INFO ----->验收
2019-04-23 11:11:10,900 test_004_dengz_case.py--> setUp 20: INFO ----->登账
2019-04-23 11:11:58,728 test_004_dengz_case.py--> setUp 20: INFO ----->登账
2019-04-23 11:13:00,389 test_005_fenp_case.py--> setUp 20: INFO ----->分配
2019-04-23 11:13:42,914 test_005_fenp_case.py--> setUp 20: INFO ----->分配
2019-04-23 11:14:25,127 test_005_fenp_case.py--> setUp 20: INFO ----->分配
2019-04-23 11:15:19,321 test_006_guih_case.py--> setUp 20: INFO ----->归还
2019-04-23 11:16:00,677 test_006_guih_case.py--> setUp 20: INFO ----->归还
2019-04-23 11:16:55,620 test_007_zhuany_case.py--> setUp 20: INFO ----->转移流程
2019-04-23 11:17:41,189 test_007_zhuany_case.py--> setUp 20: INFO ----->转移流程
2019-04-23 11:18:21,656 test_007_zhuany_case.py--> setUp 20: INFO ----->转移流程
2019-04-23 11:19:02,394 test_007_zhuany_case.py--> setUp 20: INFO ----->转移流程
2019-04-23 11:19:54,511 test_008_shouh_case.py--> setUp 20: INFO ----->收回
2019-04-23 11:20:36,711 test_008_shouh_case.py--> setUp 20: INFO ----->收回
2019-04-23 11:21:17,867 test_008_shouh_case.py--> setUp 20: INFO ----->收回
2019-04-23 11:22:01,509 test_008_shouh_case.py--> setUp 20: INFO ----->收回
2019-04-23 11:23:00,736 test_009_weix_case.py--> setUp 20: INFO ----->登账
2019-04-23 11:24:08,795 test_009_weix_case.py--> setUp 20: INFO ----->登账
2019-04-23 11:25:21,810 test_009_weix_case.py--> setUp 20: INFO ----->登账
2019-04-23 11:26:21,829 test_009_weix_case.py--> setUp 20: INFO ----->登账
2019-04-23 11:27:23,623 test_009_weix_case.py--> setUp 20: INFO ----->登账
2019-04-23 11:28:25,883 test_009_weix_case.py--> setUp 20: INFO ----->登账
2019-04-23 11:29:43,180 test_010_chuzhi_case.py--> setUp 20: INFO ----->登账
2019-04-23 11:30:27,559 test_009_weix_case.py--> setUp 20: INFO ----->登账
