2019-04-22 10:13:52,604 test_007_zhuany_case.py--> setUp 20: INFO ----->转移流程
2019-04-22 10:15:14,591 test_008_shouh_case.py--> setUp 20: INFO ----->收回
2019-04-22 10:16:33,373 test_008_shouh_case.py--> setUp 20: INFO ----->收回
2019-04-22 10:17:47,767 test_008_shouh_case.py--> setUp 20: INFO ----->收回
2019-04-22 10:20:15,235 test_008_shouh_case.py--> setUp 20: INFO ----->收回
2019-04-22 10:21:39,098 test_008_shouh_case.py--> setUp 20: INFO ----->收回
2019-04-22 10:22:29,601 test_008_shouh_case.py--> setUp 20: INFO ----->收回
2019-04-22 10:23:28,272 test_008_shouh_case.py--> setUp 20: INFO ----->收回
2019-04-22 10:26:51,465 test_009_weix_case.py--> setUp 20: INFO ----->登账
2019-04-22 10:28:14,136 test_009_weix_case.py--> setUp 20: INFO ----->登账
2019-04-22 10:28:58,974 test_009_weix_case.py--> setUp 20: INFO ----->登账
2019-04-22 10:32:46,223 test_009_weix_case.py--> setUp 20: INFO ----->登账
2019-04-22 10:36:28,859 test_009_weix_case.py--> setUp 20: INFO ----->登账
2019-04-22 10:38:20,575 test_010_chuzhi_case.py--> setUp 20: INFO ----->登账
2019-04-22 10:41:03,682 test_011_chuzu_case.py--> setUp 20: INFO ----->登账
2019-04-22 10:43:29,881 test_001_login_case.py--> setUp 20: INFO ----->this is chrome
2019-04-22 10:43:31,145 test_001_login_case.py--> setUp 20: INFO ----->this is chrome
2019-04-22 10:43:32,184 test_001_login_case.py--> setUp 20: INFO ----->this is chrome
2019-04-22 10:43:33,216 test_001_login_case.py--> setUp 20: INFO ----->this is chrome
2019-04-22 10:43:34,267 test_001_login_case.py--> setUp 20: INFO ----->this is chrome
2019-04-22 10:43:51,356 test_002_shenl_case.py--> setUp 20: INFO ----->配置管理
2019-04-22 10:44:09,985 test_002_shenl_case.py--> setUp 20: INFO ----->配置管理
2019-04-22 10:44:29,084 test_002_shenl_case.py--> setUp 20: INFO ----->配置管理
2019-04-22 10:44:53,080 test_002_shenl_case.py--> setUp 20: INFO ----->配置管理
2019-04-22 10:45:18,219 test_002_shenl_case.py--> setUp 20: INFO ----->配置管理
2019-04-22 10:45:43,683 test_002_shenl_case.py--> setUp 20: INFO ----->配置管理
2019-04-22 10:46:04,160 test_002_shenl_case.py--> setUp 20: INFO ----->配置管理
2019-04-22 10:46:40,360 test_003_yans_case.py--> setUp 20: INFO ----->验收
2019-04-22 10:47:45,922 test_003_yans_case.py--> setUp 20: INFO ----->验收
2019-04-22 10:48:11,519 test_003_yans_case.py--> setUp 20: INFO ----->验收
2019-04-22 10:48:36,236 test_003_yans_case.py--> setUp 20: INFO ----->验收
2019-04-22 10:49:16,704 test_004_dengz_case.py--> setUp 20: INFO ----->登账
2019-04-22 10:49:56,854 test_004_dengz_case.py--> setUp 20: INFO ----->登账
2019-04-22 10:50:48,958 test_005_fenp_case.py--> setUp 20: INFO ----->分配
2019-04-22 10:51:32,780 test_005_fenp_case.py--> setUp 20: INFO ----->分配
2019-04-22 10:51:53,750 test_005_fenp_case.py--> setUp 20: INFO ----->分配
2019-04-22 10:53:58,764 test_006_guih_case.py--> setUp 20: INFO ----->归还
2019-04-22 10:55:14,711 test_006_guih_case.py--> setUp 20: INFO ----->归还
2019-04-22 10:55:52,711 test_007_zhuany_case.py--> setUp 20: INFO ----->转移流程
2019-04-22 10:57:47,553 test_007_zhuany_case.py--> setUp 20: INFO ----->转移流程
2019-04-22 10:58:39,516 test_007_zhuany_case.py--> setUp 20: INFO ----->转移流程
2019-04-22 10:59:09,626 test_007_zhuany_case.py--> setUp 20: INFO ----->转移流程
2019-04-22 11:00:28,284 test_008_shouh_case.py--> setUp 20: INFO ----->收回
2019-04-22 11:01:23,552 test_008_shouh_case.py--> setUp 20: INFO ----->收回
2019-04-22 11:04:20,563 test_003_yans_case.py--> setUp 20: INFO ----->验收
2019-04-22 11:05:53,841 test_003_yans_case.py--> setUp 20: INFO ----->验收
2019-04-22 11:06:26,119 test_003_yans_case.py--> setUp 20: INFO ----->验收
2019-04-22 11:07:27,670 test_003_yans_case.py--> setUp 20: INFO ----->验收
2019-04-22 11:12:40,936 test_003_yans_case.py--> setUp 20: INFO ----->验收
2019-04-22 11:13:04,373 test_003_yans_case.py--> setUp 20: INFO ----->验收
2019-04-22 11:13:23,672 test_003_yans_case.py--> setUp 20: INFO ----->验收
2019-04-22 11:13:48,533 test_003_yans_case.py--> setUp 20: INFO ----->验收
2019-04-22 11:15:02,604 test_003_yans_case.py--> setUp 20: INFO ----->验收
2019-04-22 11:15:18,539 test_003_yans_case.py--> setUp 20: INFO ----->验收
2019-04-22 11:15:31,686 test_003_yans_case.py--> setUp 20: INFO ----->验收
2019-04-22 11:15:53,400 test_003_yans_case.py--> setUp 20: INFO ----->验收
2019-04-22 11:17:01,972 test_003_yans_case.py--> setUp 20: INFO ----->验收
2019-04-22 11:17:20,176 test_003_yans_case.py--> setUp 20: INFO ----->验收
2019-04-22 11:17:31,237 test_003_yans_case.py--> setUp 20: INFO ----->验收
2019-04-22 11:25:30,498 test_003_yans_case.py--> setUp 20: INFO ----->验收
2019-04-22 11:27:15,117 test_003_yans_case.py--> setUp 20: INFO ----->验收
2019-04-22 11:27:46,155 test_003_yans_case.py--> setUp 20: INFO ----->验收
2019-04-22 11:28:09,298 test_003_yans_case.py--> setUp 20: INFO ----->验收
2019-04-22 11:28:38,974 test_003_yans_case.py--> setUp 20: INFO ----->验收
2019-04-22 11:30:02,171 test_003_yans_case.py--> setUp 20: INFO ----->验收
2019-04-22 11:30:38,170 test_003_yans_case.py--> setUp 20: INFO ----->验收
2019-04-22 11:31:54,581 test_004_dengz_case.py--> setUp 20: INFO ----->登账
2019-04-22 11:32:41,728 test_004_dengz_case.py--> setUp 20: INFO ----->登账
2019-04-22 14:25:58,084 test_004_dengz_case.py--> setUp 20: INFO ----->登账
2019-04-22 14:26:48,930 test_004_dengz_case.py--> setUp 20: INFO ----->登账
2019-04-22 14:29:26,467 test_004_dengz_case.py--> setUp 20: INFO ----->登账
2019-04-22 14:30:17,624 test_004_dengz_case.py--> setUp 20: INFO ----->登账
2019-04-22 14:31:40,696 test_005_fenp_case.py--> setUp 20: INFO ----->分配
2019-04-22 14:32:51,165 test_005_fenp_case.py--> setUp 20: INFO ----->分配
2019-04-22 14:33:34,210 test_005_fenp_case.py--> setUp 20: INFO ----->分配
2019-04-22 14:34:14,043 test_005_fenp_case.py--> setUp 20: INFO ----->分配
2019-04-22 14:35:21,241 test_006_guih_case.py--> setUp 20: INFO ----->归还
2019-04-22 14:36:18,195 test_006_guih_case.py--> setUp 20: INFO ----->归还
2019-04-22 14:37:36,976 test_007_zhuany_case.py--> setUp 20: INFO ----->转移流程
2019-04-22 14:38:28,322 test_007_zhuany_case.py--> setUp 20: INFO ----->转移流程
2019-04-22 14:39:15,360 test_007_zhuany_case.py--> setUp 20: INFO ----->转移流程
2019-04-22 14:40:16,915 test_007_zhuany_case.py--> setUp 20: INFO ----->转移流程
2019-04-22 14:46:59,661 test_007_zhuany_case.py--> setUp 20: INFO ----->转移流程
2019-04-22 14:48:10,592 test_007_zhuany_case.py--> setUp 20: INFO ----->转移流程
2019-04-22 14:52:26,678 test_007_zhuany_case.py--> setUp 20: INFO ----->转移流程
2019-04-22 14:55:45,694 test_007_zhuany_case.py--> setUp 20: INFO ----->转移流程
2019-04-22 14:58:22,247 test_007_zhuany_case.py--> setUp 20: INFO ----->转移流程
2019-04-22 15:00:40,851 test_007_zhuany_case.py--> setUp 20: INFO ----->转移流程
2019-04-22 15:02:25,928 test_008_shouh_case.py--> setUp 20: INFO ----->收回
2019-04-22 15:04:01,564 test_008_shouh_case.py--> setUp 20: INFO ----->收回
2019-04-22 15:05:14,144 test_008_shouh_case.py--> setUp 20: INFO ----->收回
2019-04-22 15:06:26,225 test_008_shouh_case.py--> setUp 20: INFO ----->收回
2019-04-22 15:07:21,033 test_008_shouh_case.py--> setUp 20: INFO ----->收回
2019-04-22 15:08:46,564 test_009_weix_case.py--> setUp 20: INFO ----->登账
2019-04-22 15:12:41,762 test_009_weix_case.py--> setUp 20: INFO ----->登账
2019-04-22 15:14:39,398 test_009_weix_case.py--> setUp 20: INFO ----->登账
2019-04-22 15:16:08,662 test_009_weix_case.py--> setUp 20: INFO ----->登账
2019-04-22 15:17:27,257 test_009_weix_case.py--> setUp 20: INFO ----->登账
2019-04-22 15:19:06,767 test_009_weix_case.py--> setUp 20: INFO ----->登账
2019-04-22 15:20:45,597 test_009_weix_case.py--> setUp 20: INFO ----->登账
2019-04-22 15:22:37,436 test_009_weix_case.py--> setUp 20: INFO ----->登账
2019-04-22 15:26:15,504 test_009_weix_case.py--> setUp 20: INFO ----->登账
2019-04-22 15:28:14,568 test_009_weix_case.py--> setUp 20: INFO ----->登账
2019-04-22 15:29:55,304 test_009_weix_case.py--> setUp 20: INFO ----->登账
2019-04-22 15:32:04,625 test_009_weix_case.py--> setUp 20: INFO ----->登账
2019-04-22 15:33:42,994 test_009_weix_case.py--> setUp 20: INFO ----->登账
2019-04-22 15:35:33,139 test_009_weix_case.py--> setUp 20: INFO ----->登账
2019-04-22 15:38:41,960 test_009_weix_case.py--> setUp 20: INFO ----->登账
2019-04-22 15:41:02,199 test_009_weix_case.py--> setUp 20: INFO ----->登账
2019-04-22 15:42:33,387 test_009_weix_case.py--> setUp 20: INFO ----->登账
2019-04-22 15:43:51,338 test_009_weix_case.py--> setUp 20: INFO ----->登账
2019-04-22 15:45:27,006 test_009_weix_case.py--> setUp 20: INFO ----->登账
2019-04-22 15:46:51,776 test_009_weix_case.py--> setUp 20: INFO ----->登账
2019-04-22 15:48:22,688 test_009_weix_case.py--> setUp 20: INFO ----->登账
2019-04-22 15:50:45,630 test_010_chuzhi_case.py--> setUp 20: INFO ----->登账
2019-04-22 15:53:05,613 test_010_chuzhi_case.py--> setUp 20: INFO ----->登账
2019-04-22 15:54:25,642 test_010_chuzhi_case.py--> setUp 20: INFO ----->登账
2019-04-22 15:56:26,590 test_010_chuzhi_case.py--> setUp 20: INFO ----->登账
2019-04-22 15:58:26,073 test_001_login_case.py--> setUp 20: INFO ----->this is chrome
2019-04-22 15:58:27,127 test_001_login_case.py--> setUp 20: INFO ----->this is chrome
2019-04-22 15:58:28,007 test_001_login_case.py--> setUp 20: INFO ----->this is chrome
2019-04-22 15:58:28,989 test_001_login_case.py--> setUp 20: INFO ----->this is chrome
2019-04-22 15:58:29,961 test_001_login_case.py--> setUp 20: INFO ----->this is chrome
2019-04-22 15:58:45,736 test_002_shenl_case.py--> setUp 20: INFO ----->配置管理
2019-04-22 15:59:05,853 test_002_shenl_case.py--> setUp 20: INFO ----->配置管理
2019-04-22 15:59:23,994 test_002_shenl_case.py--> setUp 20: INFO ----->配置管理
2019-04-22 15:59:47,053 test_002_shenl_case.py--> setUp 20: INFO ----->配置管理
2019-04-22 16:00:10,334 test_002_shenl_case.py--> setUp 20: INFO ----->配置管理
2019-04-22 16:00:21,133 test_002_shenl_case.py--> setUp 20: INFO ----->配置管理
2019-04-22 16:00:38,784 test_002_shenl_case.py--> setUp 20: INFO ----->配置管理
2019-04-22 16:01:11,203 test_003_yans_case.py--> setUp 20: INFO ----->验收
2019-04-22 16:01:30,348 test_003_yans_case.py--> setUp 20: INFO ----->验收
2019-04-22 16:01:49,687 test_003_yans_case.py--> setUp 20: INFO ----->验收
2019-04-22 16:02:15,269 test_003_yans_case.py--> setUp 20: INFO ----->验收
2019-04-22 16:02:56,146 test_004_dengz_case.py--> setUp 20: INFO ----->登账
2019-04-22 16:03:38,366 test_004_dengz_case.py--> setUp 20: INFO ----->登账
2019-04-22 16:04:33,375 test_005_fenp_case.py--> setUp 20: INFO ----->分配
2019-04-22 16:05:14,266 test_005_fenp_case.py--> setUp 20: INFO ----->分配
2019-04-22 16:05:55,466 test_005_fenp_case.py--> setUp 20: INFO ----->分配
2019-04-22 16:06:44,773 test_006_guih_case.py--> setUp 20: INFO ----->归还
2019-04-22 16:07:36,458 test_006_guih_case.py--> setUp 20: INFO ----->归还
2019-04-22 16:08:35,542 test_007_zhuany_case.py--> setUp 20: INFO ----->转移流程
2019-04-22 16:09:41,557 test_007_zhuany_case.py--> setUp 20: INFO ----->转移流程
2019-04-22 16:10:26,304 test_007_zhuany_case.py--> setUp 20: INFO ----->转移流程
2019-04-22 16:11:17,779 test_007_zhuany_case.py--> setUp 20: INFO ----->转移流程
2019-04-22 16:12:33,670 test_008_shouh_case.py--> setUp 20: INFO ----->收回
2019-04-22 16:13:50,101 test_008_shouh_case.py--> setUp 20: INFO ----->收回
2019-04-22 16:14:57,907 test_008_shouh_case.py--> setUp 20: INFO ----->收回
2019-04-22 16:15:48,864 test_008_shouh_case.py--> setUp 20: INFO ----->收回
2019-04-22 16:16:51,269 test_009_weix_case.py--> setUp 20: INFO ----->登账
2019-04-22 16:18:24,403 test_009_weix_case.py--> setUp 20: INFO ----->登账
2019-04-22 16:19:33,380 test_009_weix_case.py--> setUp 20: INFO ----->登账
2019-04-22 16:20:45,244 test_009_weix_case.py--> setUp 20: INFO ----->登账
2019-04-22 16:22:00,400 test_009_weix_case.py--> setUp 20: INFO ----->登账
2019-04-22 16:23:28,846 test_009_weix_case.py--> setUp 20: INFO ----->登账
2019-04-22 16:25:10,263 test_010_chuzhi_case.py--> setUp 20: INFO ----->登账
2019-04-22 16:27:11,961 test_010_chuzhi_case.py--> setUp 20: INFO ----->登账
2019-04-22 16:28:45,359 test_010_chuzhi_case.py--> setUp 20: INFO ----->登账
2019-04-22 16:30:02,271 test_010_chuzhi_case.py--> setUp 20: INFO ----->登账
2019-04-22 16:32:12,308 test_011_chuzu_case.py--> setUp 20: INFO ----->登账
2019-04-22 16:35:39,455 test_002_shenl_case.py--> setUp 20: INFO ----->配置管理
2019-04-22 16:36:41,393 test_002_shenl_case.py--> setUp 20: INFO ----->配置管理
2019-04-22 16:38:36,858 test_002_shenl_case.py--> setUp 20: INFO ----->配置管理
2019-04-22 16:40:26,898 test_002_shenl_case.py--> setUp 20: INFO ----->配置管理
2019-04-22 16:41:15,068 test_002_shenl_case.py--> setUp 20: INFO ----->配置管理
2019-04-22 16:42:09,182 test_002_shenl_case.py--> setUp 20: INFO ----->配置管理
2019-04-22 16:42:54,853 test_002_shenl_case.py--> setUp 20: INFO ----->配置管理
2019-04-22 16:44:50,271 test_002_shenl_case.py--> setUp 20: INFO ----->配置管理
2019-04-22 16:45:51,968 test_002_shenl_case.py--> setUp 20: INFO ----->配置管理
2019-04-22 16:48:39,375 test_004_dengz_case.py--> setUp 20: INFO ----->登账
2019-04-22 16:53:41,299 test_004_dengz_case.py--> setUp 20: INFO ----->登账
2019-04-22 17:06:50,443 test_008_shouh_case.py--> setUp 20: INFO ----->收回
2019-04-22 17:09:01,078 test_001_login_case.py--> setUp 20: INFO ----->this is chrome
2019-04-22 17:09:02,257 test_001_login_case.py--> setUp 20: INFO ----->this is chrome
2019-04-22 17:09:03,126 test_001_login_case.py--> setUp 20: INFO ----->this is chrome
2019-04-22 17:09:04,229 test_001_login_case.py--> setUp 20: INFO ----->this is chrome
2019-04-22 17:09:05,511 test_001_login_case.py--> setUp 20: INFO ----->this is chrome
2019-04-22 17:09:21,642 test_002_shenl_case.py--> setUp 20: INFO ----->配置管理
2019-04-22 17:09:42,385 test_002_shenl_case.py--> setUp 20: INFO ----->配置管理
2019-04-22 17:10:01,300 test_002_shenl_case.py--> setUp 20: INFO ----->配置管理
2019-04-22 17:10:13,008 test_002_shenl_case.py--> setUp 20: INFO ----->配置管理
2019-04-22 17:10:35,668 test_002_shenl_case.py--> setUp 20: INFO ----->配置管理
2019-04-22 17:11:00,974 test_002_shenl_case.py--> setUp 20: INFO ----->配置管理
2019-04-22 17:11:20,011 test_002_shenl_case.py--> setUp 20: INFO ----->配置管理
2019-04-22 17:11:52,386 test_003_yans_case.py--> setUp 20: INFO ----->验收
2019-04-22 17:12:11,697 test_003_yans_case.py--> setUp 20: INFO ----->验收
2019-04-22 17:12:31,439 test_003_yans_case.py--> setUp 20: INFO ----->验收
2019-04-22 17:12:59,653 test_003_yans_case.py--> setUp 20: INFO ----->验收
2019-04-22 17:13:39,509 test_004_dengz_case.py--> setUp 20: INFO ----->登账
2019-04-22 17:14:28,904 test_004_dengz_case.py--> setUp 20: INFO ----->登账
2019-04-22 17:15:32,268 test_005_fenp_case.py--> setUp 20: INFO ----->分配
2019-04-22 17:16:12,696 test_005_fenp_case.py--> setUp 20: INFO ----->分配
2019-04-22 17:16:52,552 test_005_fenp_case.py--> setUp 20: INFO ----->分配
2019-04-22 17:17:41,830 test_006_guih_case.py--> setUp 20: INFO ----->归还
2019-04-22 17:18:33,273 test_006_guih_case.py--> setUp 20: INFO ----->归还
2019-04-22 17:19:32,842 test_007_zhuany_case.py--> setUp 20: INFO ----->转移流程
2019-04-22 17:20:38,907 test_007_zhuany_case.py--> setUp 20: INFO ----->转移流程
2019-04-22 17:21:23,983 test_007_zhuany_case.py--> setUp 20: INFO ----->转移流程
2019-04-22 17:22:09,120 test_007_zhuany_case.py--> setUp 20: INFO ----->转移流程
2019-04-22 17:23:23,669 test_008_shouh_case.py--> setUp 20: INFO ----->收回
2019-04-22 17:24:32,190 test_008_shouh_case.py--> setUp 20: INFO ----->收回
2019-04-22 17:25:37,476 test_008_shouh_case.py--> setUp 20: INFO ----->收回
2019-04-22 17:26:29,366 test_008_shouh_case.py--> setUp 20: INFO ----->收回
2019-04-22 17:27:33,769 test_009_weix_case.py--> setUp 20: INFO ----->登账
2019-04-22 17:29:13,983 test_009_weix_case.py--> setUp 20: INFO ----->登账
2019-04-22 17:30:27,738 test_009_weix_case.py--> setUp 20: INFO ----->登账
2019-04-22 17:31:44,610 test_009_weix_case.py--> setUp 20: INFO ----->登账
2019-04-22 17:33:00,830 test_009_weix_case.py--> setUp 20: INFO ----->登账
2019-04-22 17:34:26,075 test_009_weix_case.py--> setUp 20: INFO ----->登账
2019-04-22 17:36:02,576 test_010_chuzhi_case.py--> setUp 20: INFO ----->登账
2019-04-22 17:38:00,826 test_010_chuzhi_case.py--> setUp 20: INFO ----->登账
2019-04-22 17:39:33,805 test_010_chuzhi_case.py--> setUp 20: INFO ----->登账
2019-04-22 17:40:45,774 test_010_chuzhi_case.py--> setUp 20: INFO ----->登账
2019-04-22 17:42:57,438 test_011_chuzu_case.py--> setUp 20: INFO ----->登账
2019-04-22 17:53:50,040 test_002_shenl_case.py--> setUp 20: INFO ----->配置管理
2019-04-22 17:55:01,624 test_004_dengz_case.py--> setUp 20: INFO ----->登账
2019-04-22 17:56:56,499 test_009_weix_case.py--> setUp 20: INFO ----->登账
2019-04-22 18:00:11,488 test_001_login_case.py--> setUp 20: INFO ----->this is chrome
2019-04-22 18:00:12,602 test_001_login_case.py--> setUp 20: INFO ----->this is chrome
2019-04-22 18:00:13,482 test_001_login_case.py--> setUp 20: INFO ----->this is chrome
2019-04-22 18:00:14,442 test_001_login_case.py--> setUp 20: INFO ----->this is chrome
2019-04-22 18:00:15,274 test_001_login_case.py--> setUp 20: INFO ----->this is chrome
2019-04-22 18:00:30,901 test_002_shenl_case.py--> setUp 20: INFO ----->配置管理
2019-04-22 18:00:51,730 test_002_shenl_case.py--> setUp 20: INFO ----->配置管理
2019-04-22 18:01:10,793 test_002_shenl_case.py--> setUp 20: INFO ----->配置管理
2019-04-22 18:01:33,980 test_002_shenl_case.py--> setUp 20: INFO ----->配置管理
2019-04-22 18:01:57,474 test_002_shenl_case.py--> setUp 20: INFO ----->配置管理
2019-04-22 18:02:20,356 test_002_shenl_case.py--> setUp 20: INFO ----->配置管理
2019-04-22 18:02:39,649 test_002_shenl_case.py--> setUp 20: INFO ----->配置管理
2019-04-22 18:03:17,137 test_003_yans_case.py--> setUp 20: INFO ----->验收
2019-04-22 18:03:35,038 test_003_yans_case.py--> setUp 20: INFO ----->验收
2019-04-22 18:03:53,912 test_003_yans_case.py--> setUp 20: INFO ----->验收
2019-04-22 18:04:17,526 test_003_yans_case.py--> setUp 20: INFO ----->验收
2019-04-22 18:04:55,577 test_004_dengz_case.py--> setUp 20: INFO ----->登账
2019-04-22 18:05:43,513 test_004_dengz_case.py--> setUp 20: INFO ----->登账
2019-04-22 18:06:44,481 test_005_fenp_case.py--> setUp 20: INFO ----->分配
2019-04-22 18:07:24,399 test_005_fenp_case.py--> setUp 20: INFO ----->分配
2019-04-22 18:08:04,238 test_005_fenp_case.py--> setUp 20: INFO ----->分配
2019-04-22 18:08:52,053 test_006_guih_case.py--> setUp 20: INFO ----->归还
2019-04-22 18:09:41,206 test_006_guih_case.py--> setUp 20: INFO ----->归还
2019-04-22 18:10:40,756 test_007_zhuany_case.py--> setUp 20: INFO ----->转移流程
2019-04-22 18:11:50,441 test_007_zhuany_case.py--> setUp 20: INFO ----->转移流程
2019-04-22 18:12:34,046 test_007_zhuany_case.py--> setUp 20: INFO ----->转移流程
2019-04-22 18:13:16,714 test_007_zhuany_case.py--> setUp 20: INFO ----->转移流程
2019-04-22 18:14:27,525 test_008_shouh_case.py--> setUp 20: INFO ----->收回
2019-04-22 18:15:34,737 test_008_shouh_case.py--> setUp 20: INFO ----->收回
2019-04-22 18:16:40,248 test_008_shouh_case.py--> setUp 20: INFO ----->收回
2019-04-22 18:17:31,985 test_008_shouh_case.py--> setUp 20: INFO ----->收回
