2019-09-02 11:22:29,632 test_002_shenl_case.py--> setUp 20: INFO ----->配置管理
2019-09-02 11:22:55,629 test_002_shenl_case.py--> setUp 20: INFO ----->配置管理
2019-09-02 11:23:16,949 test_002_shenl_case.py--> setUp 20: INFO ----->配置管理
2019-09-02 11:23:45,846 test_002_shenl_case.py--> setUp 20: INFO ----->配置管理
2019-09-02 11:24:11,383 test_002_shenl_case.py--> setUp 20: INFO ----->配置管理
2019-09-02 11:24:36,756 test_002_shenl_case.py--> setUp 20: INFO ----->配置管理
2019-09-02 11:34:40,433 test_002_shenl_case.py--> setUp 20: INFO ----->配置管理
2019-09-02 11:35:02,483 test_002_shenl_case.py--> setUp 20: INFO ----->配置管理
2019-09-02 11:35:23,846 test_002_shenl_case.py--> setUp 20: INFO ----->配置管理
2019-09-02 11:35:51,383 test_002_shenl_case.py--> setUp 20: INFO ----->配置管理
2019-09-02 11:36:20,143 test_002_shenl_case.py--> setUp 20: INFO ----->配置管理
2019-09-02 11:36:49,294 test_002_shenl_case.py--> setUp 20: INFO ----->配置管理
2019-09-02 11:41:18,968 test_002_shenl_case.py--> setUp 20: INFO ----->配置管理
2019-09-02 11:43:19,084 test_002_shenl_case.py--> setUp 20: INFO ----->配置管理
2019-09-02 11:44:59,962 test_002_shenl_case.py--> setUp 20: INFO ----->配置管理
2019-09-02 11:45:54,961 test_002_shenl_case.py--> setUp 20: INFO ----->配置管理
2019-09-02 13:46:30,049 test_002_shenl_case.py--> setUp 20: INFO ----->配置管理
2019-09-02 13:48:58,911 test_002_shenl_case.py--> setUp 20: INFO ----->配置管理
2019-09-02 14:10:08,805 test_002_shenl_case.py--> setUp 20: INFO ----->配置管理
2019-09-02 14:10:31,343 test_002_shenl_case.py--> setUp 20: INFO ----->配置管理
2019-09-02 14:10:52,200 test_002_shenl_case.py--> setUp 20: INFO ----->配置管理
2019-09-02 14:11:17,986 test_002_shenl_case.py--> setUp 20: INFO ----->配置管理
2019-09-02 14:11:43,681 test_002_shenl_case.py--> setUp 20: INFO ----->配置管理
2019-09-02 14:12:09,737 test_002_shenl_case.py--> setUp 20: INFO ----->配置管理
2019-09-02 14:26:11,348 test_003_yans_case.py--> setUp 20: INFO ----->验收
2019-09-02 14:26:35,707 test_003_yans_case.py--> setUp 20: INFO ----->验收
2019-09-02 14:26:57,366 test_003_yans_case.py--> setUp 20: INFO ----->验收
2019-09-02 14:27:26,897 test_003_yans_case.py--> setUp 20: INFO ----->验收
2019-09-02 14:28:15,799 test_004_dengz_case.py--> setUp 20: INFO ----->登账
2019-09-02 14:29:08,477 test_004_dengz_case.py--> setUp 20: INFO ----->登账
2019-09-02 14:30:49,947 test_005_fenp_case.py--> setUp 20: INFO ----->分配
2019-09-02 14:31:34,147 test_005_fenp_case.py--> setUp 20: INFO ----->分配
2019-09-02 14:32:14,961 test_005_fenp_case.py--> setUp 20: INFO ----->分配
2019-09-02 14:33:17,480 test_006_guih_case.py--> setUp 20: INFO ----->归还
2019-09-02 14:34:42,438 test_006_guih_case.py--> setUp 20: INFO ----->归还
2019-09-02 14:35:53,582 test_006_guih_case.py--> setUp 20: INFO ----->归还
2019-09-02 14:37:14,684 test_007_zhuany_case.py--> setUp 20: INFO ----->转移流程
2019-09-02 14:38:15,948 test_007_zhuany_case.py--> setUp 20: INFO ----->转移流程
2019-09-02 14:39:05,590 test_007_zhuany_case.py--> setUp 20: INFO ----->转移流程
2019-09-02 14:40:19,931 test_007_zhuany_case.py--> setUp 20: INFO ----->转移流程
2019-09-02 14:42:00,292 test_008_shouh_case.py--> setUp 20: INFO ----->收回
2019-09-02 14:43:17,937 test_008_shouh_case.py--> setUp 20: INFO ----->收回
2019-09-02 14:44:28,590 test_008_shouh_case.py--> setUp 20: INFO ----->收回
2019-09-02 14:45:25,850 test_008_shouh_case.py--> setUp 20: INFO ----->收回
2019-09-02 14:48:23,080 test_009_weix_case.py--> setUp 20: INFO ----->登账
2019-09-02 14:49:58,149 test_009_weix_case.py--> setUp 20: INFO ----->登账
2019-09-02 14:51:42,039 test_009_weix_case.py--> setUp 20: INFO ----->登账
2019-09-02 14:53:18,837 test_009_weix_case.py--> setUp 20: INFO ----->登账
2019-09-02 15:00:25,836 test_009_weix_case.py--> setUp 20: INFO ----->登账
2019-09-02 15:01:54,065 test_009_weix_case.py--> setUp 20: INFO ----->登账
2019-09-02 15:03:38,257 test_009_weix_case.py--> setUp 20: INFO ----->登账
2019-09-02 15:05:03,210 test_009_weix_case.py--> setUp 20: INFO ----->登账
2019-09-02 15:11:21,274 test_010_chuzhi_case.py--> setUp 20: INFO ----->登账
2019-09-02 15:13:35,944 test_010_chuzhi_case.py--> setUp 20: INFO ----->登账
2019-09-02 15:14:53,010 test_010_chuzhi_case.py--> setUp 20: INFO ----->登账
2019-09-02 15:16:49,831 test_010_chuzhi_case.py--> setUp 20: INFO ----->登账
2019-09-02 15:19:09,255 test_011_chuzu_case.py--> setUp 20: INFO ----->登账
2019-09-02 15:25:20,668 test_011_chuzu_case.py--> setUp 20: INFO ----->登账
2019-09-02 15:27:36,686 test_011_chuzu_case.py--> setUp 20: INFO ----->登账
2019-09-02 15:29:24,117 test_001_login_case.py--> setUp 20: INFO ----->this is chrome
2019-09-02 15:29:25,816 test_001_login_case.py--> setUp 20: INFO ----->this is chrome
2019-09-02 15:29:27,029 test_001_login_case.py--> setUp 20: INFO ----->this is chrome
2019-09-02 15:29:28,325 test_001_login_case.py--> setUp 20: INFO ----->this is chrome
2019-09-02 15:29:29,397 test_001_login_case.py--> setUp 20: INFO ----->this is chrome
2019-09-02 15:29:45,999 test_002_shenl_case.py--> setUp 20: INFO ----->配置管理
2019-09-02 15:30:09,335 test_002_shenl_case.py--> setUp 20: INFO ----->配置管理
2019-09-02 15:30:30,302 test_002_shenl_case.py--> setUp 20: INFO ----->配置管理
2019-09-02 15:30:56,480 test_002_shenl_case.py--> setUp 20: INFO ----->配置管理
2019-09-02 15:31:21,150 test_002_shenl_case.py--> setUp 20: INFO ----->配置管理
2019-09-02 15:31:46,582 test_002_shenl_case.py--> setUp 20: INFO ----->配置管理
2019-09-02 15:32:07,346 test_002_shenl_case.py--> setUp 20: INFO ----->配置管理
2019-09-02 15:32:41,751 test_003_yans_case.py--> setUp 20: INFO ----->验收
2019-09-02 15:33:02,637 test_003_yans_case.py--> setUp 20: INFO ----->验收
2019-09-02 15:33:24,344 test_003_yans_case.py--> setUp 20: INFO ----->验收
2019-09-02 15:33:50,184 test_003_yans_case.py--> setUp 20: INFO ----->验收
2019-09-02 15:34:31,449 test_004_dengz_case.py--> setUp 20: INFO ----->登账
2019-09-02 15:35:21,813 test_004_dengz_case.py--> setUp 20: INFO ----->登账
2019-09-02 15:36:25,993 test_005_fenp_case.py--> setUp 20: INFO ----->分配
2019-09-02 15:37:09,141 test_005_fenp_case.py--> setUp 20: INFO ----->分配
2019-09-02 15:37:52,573 test_005_fenp_case.py--> setUp 20: INFO ----->分配
2019-09-02 15:38:44,789 test_006_guih_case.py--> setUp 20: INFO ----->归还
2019-09-02 15:39:43,139 test_006_guih_case.py--> setUp 20: INFO ----->归还
2019-09-02 15:40:46,674 test_007_zhuany_case.py--> setUp 20: INFO ----->转移流程
2019-09-02 15:42:05,279 test_007_zhuany_case.py--> setUp 20: INFO ----->转移流程
2019-09-02 15:42:54,079 test_007_zhuany_case.py--> setUp 20: INFO ----->转移流程
2019-09-02 15:43:44,265 test_007_zhuany_case.py--> setUp 20: INFO ----->转移流程
2019-09-02 15:48:13,797 test_008_shouh_case.py--> setUp 20: INFO ----->收回
2019-09-02 15:49:29,082 test_008_shouh_case.py--> setUp 20: INFO ----->收回
2019-09-02 15:50:37,096 test_009_weix_case.py--> setUp 20: INFO ----->登账
2019-09-02 15:52:06,828 test_009_weix_case.py--> setUp 20: INFO ----->登账
2019-09-02 15:53:17,546 test_009_weix_case.py--> setUp 20: INFO ----->登账
2019-09-02 15:54:28,122 test_009_weix_case.py--> setUp 20: INFO ----->登账
2019-09-02 15:55:43,289 test_009_weix_case.py--> setUp 20: INFO ----->登账
2019-09-02 15:57:18,259 test_009_weix_case.py--> setUp 20: INFO ----->登账
2019-09-02 15:58:57,629 test_010_chuzhi_case.py--> setUp 20: INFO ----->登账
2019-09-02 16:00:54,301 test_010_chuzhi_case.py--> setUp 20: INFO ----->登账
2019-09-02 16:02:23,241 test_010_chuzhi_case.py--> setUp 20: INFO ----->登账
2019-09-02 16:03:34,578 test_010_chuzhi_case.py--> setUp 20: INFO ----->登账
2019-09-02 16:05:44,447 test_011_chuzu_case.py--> setUp 20: INFO ----->登账
2019-09-02 16:08:34,510 test_011_chuzu_case.py--> setUp 20: INFO ----->登账
2019-09-02 16:10:35,797 test_011_chuzu_case.py--> setUp 20: INFO ----->登账
2019-09-02 16:14:16,958 test_011_chuzu_case.py--> setUp 20: INFO ----->登账
2019-09-02 16:17:18,134 test_011_chuzu_case.py--> setUp 20: INFO ----->登账
2019-09-02 16:20:08,972 test_011_chuzu_case.py--> setUp 20: INFO ----->登账
2019-09-02 16:23:18,579 test_011_chuzu_case.py--> setUp 20: INFO ----->登账
2019-09-02 16:25:17,663 test_011_chuzu_case.py--> setUp 20: INFO ----->登账
2019-09-02 16:29:15,309 test_011_chuzu_case.py--> setUp 20: INFO ----->登账
2019-09-02 16:35:12,073 test_002_shenl_case.py--> setUp 20: INFO ----->配置管理
2019-09-02 16:35:35,039 test_002_shenl_case.py--> setUp 20: INFO ----->配置管理
2019-09-02 16:35:56,124 test_002_shenl_case.py--> setUp 20: INFO ----->配置管理
2019-09-02 16:36:23,749 test_002_shenl_case.py--> setUp 20: INFO ----->配置管理
2019-09-02 16:36:51,604 test_002_shenl_case.py--> setUp 20: INFO ----->配置管理
2019-09-02 16:37:17,908 test_002_shenl_case.py--> setUp 20: INFO ----->配置管理
2019-09-02 16:40:19,525 test_007_zhuany_case.py--> setUp 20: INFO ----->转移流程
2019-09-02 16:42:07,303 test_001_login_case.py--> setUp 20: INFO ----->this is chrome
2019-09-02 16:42:08,943 test_001_login_case.py--> setUp 20: INFO ----->this is chrome
2019-09-02 16:42:10,019 test_001_login_case.py--> setUp 20: INFO ----->this is chrome
2019-09-02 16:42:11,348 test_001_login_case.py--> setUp 20: INFO ----->this is chrome
2019-09-02 16:42:12,445 test_001_login_case.py--> setUp 20: INFO ----->this is chrome
2019-09-02 16:42:28,667 test_002_shenl_case.py--> setUp 20: INFO ----->配置管理
2019-09-02 16:42:50,347 test_002_shenl_case.py--> setUp 20: INFO ----->配置管理
2019-09-02 16:43:11,671 test_002_shenl_case.py--> setUp 20: INFO ----->配置管理
2019-09-02 16:43:38,142 test_002_shenl_case.py--> setUp 20: INFO ----->配置管理
2019-09-02 16:44:03,169 test_002_shenl_case.py--> setUp 20: INFO ----->配置管理
2019-09-02 16:44:29,110 test_002_shenl_case.py--> setUp 20: INFO ----->配置管理
2019-09-02 16:44:49,334 test_002_shenl_case.py--> setUp 20: INFO ----->配置管理
2019-09-02 16:45:22,502 test_003_yans_case.py--> setUp 20: INFO ----->验收
2019-09-02 16:45:42,010 test_003_yans_case.py--> setUp 20: INFO ----->验收
2019-09-02 16:46:01,601 test_003_yans_case.py--> setUp 20: INFO ----->验收
2019-09-02 16:46:26,835 test_003_yans_case.py--> setUp 20: INFO ----->验收
2019-09-02 16:47:06,422 test_004_dengz_case.py--> setUp 20: INFO ----->登账
2019-09-02 16:47:55,603 test_004_dengz_case.py--> setUp 20: INFO ----->登账
2019-09-02 16:48:57,707 test_005_fenp_case.py--> setUp 20: INFO ----->分配
2019-09-02 16:49:39,451 test_005_fenp_case.py--> setUp 20: INFO ----->分配
2019-09-02 16:50:24,290 test_005_fenp_case.py--> setUp 20: INFO ----->分配
2019-09-02 16:51:16,188 test_006_guih_case.py--> setUp 20: INFO ----->归还
2019-09-02 16:52:11,664 test_006_guih_case.py--> setUp 20: INFO ----->归还
2019-09-02 16:53:13,067 test_007_zhuany_case.py--> setUp 20: INFO ----->转移流程
2019-09-02 16:54:24,425 test_007_zhuany_case.py--> setUp 20: INFO ----->转移流程
2019-09-02 16:55:10,145 test_007_zhuany_case.py--> setUp 20: INFO ----->转移流程
2019-09-02 16:56:00,491 test_007_zhuany_case.py--> setUp 20: INFO ----->转移流程
2019-09-02 16:57:16,268 test_008_shouh_case.py--> setUp 20: INFO ----->收回
2019-09-02 16:58:31,189 test_008_shouh_case.py--> setUp 20: INFO ----->收回
2019-09-02 16:59:38,382 test_009_weix_case.py--> setUp 20: INFO ----->登账
2019-09-02 17:01:06,243 test_009_weix_case.py--> setUp 20: INFO ----->登账
2019-09-02 17:02:17,978 test_009_weix_case.py--> setUp 20: INFO ----->登账
2019-09-02 17:03:26,894 test_009_weix_case.py--> setUp 20: INFO ----->登账
2019-09-02 17:04:42,590 test_009_weix_case.py--> setUp 20: INFO ----->登账
2019-09-02 17:06:18,113 test_009_weix_case.py--> setUp 20: INFO ----->登账
2019-09-02 17:07:52,918 test_010_chuzhi_case.py--> setUp 20: INFO ----->登账
2019-09-02 17:09:54,472 test_010_chuzhi_case.py--> setUp 20: INFO ----->登账
2019-09-02 17:11:31,339 test_010_chuzhi_case.py--> setUp 20: INFO ----->登账
2019-09-02 17:12:42,601 test_010_chuzhi_case.py--> setUp 20: INFO ----->登账
2019-09-02 17:14:48,138 test_011_chuzu_case.py--> setUp 20: INFO ----->登账
