2019-11-21 17:18:35,777 test_chengzu_case.py--> setUp 20: INFO ----->出租
2019-11-21 17:19:26,613 test_chengzu_case.py--> setUp 20: INFO ----->出租
2019-11-21 17:19:57,137 test_chengzu_case.py--> setUp 20: INFO ----->出租
2019-11-21 17:20:35,821 test_chuzu_case.py--> setUp 20: INFO ----->出租
2019-11-21 17:21:26,883 test_fenpei_case.py--> setUp 20: INFO ----->分配
2019-11-21 17:22:23,240 test_fenpei_case.py--> setUp 20: INFO ----->分配
2019-11-21 17:23:09,388 test_fenpei_case.py--> setUp 20: INFO ----->分配
2019-11-21 17:27:31,604 test_chengzu_case.py--> setUp 20: INFO ----->出租
2019-11-21 17:28:19,935 test_chengzu_case.py--> setUp 20: INFO ----->出租
2019-11-21 17:28:48,117 test_chengzu_case.py--> setUp 20: INFO ----->出租
2019-11-21 17:29:27,476 test_chuzu_case.py--> setUp 20: INFO ----->出租
2019-11-21 17:30:15,590 test_fenpei_case.py--> setUp 20: INFO ----->分配
2019-11-21 17:31:05,862 test_fenpei_case.py--> setUp 20: INFO ----->分配
2019-11-21 17:31:55,074 test_fenpei_case.py--> setUp 20: INFO ----->分配
2019-11-21 17:32:43,395 test_guihuan_case.py--> setUp 20: INFO ----->归还
2019-11-21 17:33:40,462 test_guihuan_case.py--> setUp 20: INFO ----->归还
2019-11-21 17:34:41,633 test_shouhui_case.py--> setUp 20: INFO ----->收回
2019-11-21 17:35:51,953 test_shouhui_case.py--> setUp 20: INFO ----->收回
2019-11-21 17:37:03,034 test_shouhui_case.py--> setUp 20: INFO ----->收回
2019-11-21 17:37:55,809 test_shouhui_case.py--> setUp 20: INFO ----->收回
2019-11-21 17:38:38,178 test_zhuanyi_case.py--> setUp 20: INFO ----->转移流程
2019-11-21 17:40:10,372 test_zhuanyi_case.py--> setUp 20: INFO ----->转移流程
2019-11-21 17:41:00,391 test_zhuanyi_case.py--> setUp 20: INFO ----->转移流程
2019-11-21 17:41:50,415 test_zhuanyi_case.py--> setUp 20: INFO ----->转移流程
2019-11-21 17:45:56,806 test_chuzu_case.py--> setUp 20: INFO ----->出租
2019-11-21 17:51:22,739 test_chuzu_case.py--> setUp 20: INFO ----->出租
2019-11-21 17:53:39,750 test_shouhui_case.py--> setUp 20: INFO ----->收回
2019-11-21 18:02:01,995 test_zhuanyi_case.py--> setUp 20: INFO ----->转移流程
2019-11-21 18:04:28,580 test_zhuanyi_case.py--> setUp 20: INFO ----->转移流程
2019-11-21 18:06:10,618 test_chengzu_case.py--> setUp 20: INFO ----->出租
2019-11-21 18:07:02,646 test_chengzu_case.py--> setUp 20: INFO ----->出租
2019-11-21 18:07:31,596 test_chengzu_case.py--> setUp 20: INFO ----->出租
2019-11-21 18:08:11,422 test_chuzu_case.py--> setUp 20: INFO ----->出租
2019-11-21 18:10:22,366 test_chengzu_case.py--> setUp 20: INFO ----->出租
2019-11-21 18:11:14,183 test_chengzu_case.py--> setUp 20: INFO ----->出租
2019-11-21 18:11:43,872 test_chengzu_case.py--> setUp 20: INFO ----->出租
2019-11-21 18:12:25,041 test_chuzu_case.py--> setUp 20: INFO ----->出租
2019-11-21 18:14:17,152 test_fenpei_case.py--> setUp 20: INFO ----->分配
2019-11-21 18:15:10,440 test_fenpei_case.py--> setUp 20: INFO ----->分配
2019-11-21 18:15:56,545 test_fenpei_case.py--> setUp 20: INFO ----->分配
2019-11-21 18:16:48,226 test_guihuan_case.py--> setUp 20: INFO ----->归还
2019-11-21 18:17:47,018 test_guihuan_case.py--> setUp 20: INFO ----->归还
2019-11-21 18:18:52,976 test_shouhui_case.py--> setUp 20: INFO ----->收回
2019-11-21 18:20:12,732 test_shouhui_case.py--> setUp 20: INFO ----->收回
2019-11-21 18:21:33,372 test_shouhui_case.py--> setUp 20: INFO ----->收回
2019-11-21 18:22:35,994 test_shouhui_case.py--> setUp 20: INFO ----->收回
2019-11-21 18:23:41,176 test_zhuanyi_case.py--> setUp 20: INFO ----->转移流程
2019-11-21 18:25:10,392 test_zhuanyi_case.py--> setUp 20: INFO ----->转移流程
2019-11-21 18:26:08,584 test_zhuanyi_case.py--> setUp 20: INFO ----->转移流程
2019-11-21 18:27:04,274 test_zhuanyi_case.py--> setUp 20: INFO ----->转移流程
2019-11-21 18:29:51,686 test_chengzu_case.py--> setUp 20: INFO ----->出租
