2019-04-26 09:36:34,970 test_004_dengz_case.py--> setUp 20: INFO ----->登账
2019-04-26 09:36:53,262 test_004_dengz_case.py--> setUp 20: INFO ----->登账
2019-04-26 09:37:37,104 test_004_dengz_case.py--> setUp 20: INFO ----->登账
2019-04-26 09:37:54,549 test_004_dengz_case.py--> setUp 20: INFO ----->登账
2019-04-26 09:38:47,366 test_004_dengz_case.py--> setUp 20: INFO ----->登账
2019-04-26 09:39:04,886 test_004_dengz_case.py--> setUp 20: INFO ----->登账
2019-04-26 09:40:19,641 test_004_dengz_case.py--> setUp 20: INFO ----->登账
2019-04-26 09:41:11,985 test_004_dengz_case.py--> setUp 20: INFO ----->登账
2019-04-26 09:42:30,926 test_005_fenp_case.py--> setUp 20: INFO ----->分配
2019-04-26 09:43:14,628 test_005_fenp_case.py--> setUp 20: INFO ----->分配
2019-04-26 09:43:54,514 test_005_fenp_case.py--> setUp 20: INFO ----->分配
2019-04-26 09:45:23,479 test_005_fenp_case.py--> setUp 20: INFO ----->分配
2019-04-26 09:47:57,481 test_005_fenp_case.py--> setUp 20: INFO ----->分配
2019-04-26 09:49:41,146 test_006_guih_case.py--> setUp 20: INFO ----->归还
2019-04-26 09:51:01,172 test_006_guih_case.py--> setUp 20: INFO ----->归还
2019-04-26 09:53:48,279 test_006_guih_case.py--> setUp 20: INFO ----->归还
2019-04-26 09:54:46,439 test_006_guih_case.py--> setUp 20: INFO ----->归还
2019-04-26 09:56:21,906 test_007_zhuany_case.py--> setUp 20: INFO ----->转移流程
2019-04-26 09:57:07,756 test_007_zhuany_case.py--> setUp 20: INFO ----->转移流程
2019-04-26 09:57:52,550 test_007_zhuany_case.py--> setUp 20: INFO ----->转移流程
2019-04-26 10:07:25,322 test_007_zhuany_case.py--> setUp 20: INFO ----->转移流程
2019-04-26 10:08:23,230 test_007_zhuany_case.py--> setUp 20: INFO ----->转移流程
2019-04-26 10:09:13,096 test_007_zhuany_case.py--> setUp 20: INFO ----->转移流程
2019-04-26 10:10:26,135 test_007_zhuany_case.py--> setUp 20: INFO ----->转移流程
2019-04-26 10:12:06,279 test_008_shouh_case.py--> setUp 20: INFO ----->收回
2019-04-26 10:16:08,827 test_008_shouh_case.py--> setUp 20: INFO ----->收回
2019-04-26 10:17:59,140 test_008_shouh_case.py--> setUp 20: INFO ----->收回
2019-04-26 10:19:23,317 test_008_shouh_case.py--> setUp 20: INFO ----->收回
2019-04-26 10:20:33,937 test_008_shouh_case.py--> setUp 20: INFO ----->收回
2019-04-26 11:22:40,229 test_008_shouh_case.py--> setUp 20: INFO ----->收回
2019-04-26 11:24:04,398 test_008_shouh_case.py--> setUp 20: INFO ----->收回
2019-04-26 13:34:01,546 test_008_shouh_case.py--> setUp 20: INFO ----->收回
2019-04-26 13:35:00,085 test_008_shouh_case.py--> setUp 20: INFO ----->收回
2019-04-26 13:37:45,020 test_009_weix_case.py--> setUp 20: INFO ----->登账
2019-04-26 13:39:06,420 test_009_weix_case.py--> setUp 20: INFO ----->登账
2019-04-26 13:41:56,463 test_009_weix_case.py--> setUp 20: INFO ----->登账
2019-04-26 13:43:09,573 test_009_weix_case.py--> setUp 20: INFO ----->登账
2019-04-26 13:46:10,213 test_009_weix_case.py--> setUp 20: INFO ----->登账
2019-04-26 13:47:22,941 test_009_weix_case.py--> setUp 20: INFO ----->登账
2019-04-26 13:48:38,710 test_009_weix_case.py--> setUp 20: INFO ----->登账
2019-04-26 13:50:09,173 test_009_weix_case.py--> setUp 20: INFO ----->登账
2019-04-26 13:51:46,177 test_009_weix_case.py--> setUp 20: INFO ----->登账
2019-04-26 13:53:04,264 test_009_weix_case.py--> setUp 20: INFO ----->登账
2019-04-26 13:53:52,795 test_009_weix_case.py--> setUp 20: INFO ----->登账
2019-04-26 13:58:02,810 test_009_weix_case.py--> setUp 20: INFO ----->登账
2019-04-26 14:01:23,360 test_009_weix_case.py--> setUp 20: INFO ----->登账
2019-04-26 14:03:55,132 test_009_weix_case.py--> setUp 20: INFO ----->登账
2019-04-26 14:05:13,604 test_009_weix_case.py--> setUp 20: INFO ----->登账
2019-04-26 14:06:52,055 test_009_weix_case.py--> setUp 20: INFO ----->登账
2019-04-26 14:15:12,495 test_009_weix_case.py--> setUp 20: INFO ----->登账
2019-04-26 14:16:57,674 test_009_weix_case.py--> setUp 20: INFO ----->登账
2019-04-26 14:18:18,968 test_009_weix_case.py--> setUp 20: INFO ----->登账
2019-04-26 14:19:47,449 test_009_weix_case.py--> setUp 20: INFO ----->登账
2019-04-26 14:21:39,319 test_009_weix_case.py--> setUp 20: INFO ----->登账
2019-04-26 14:23:06,699 test_009_weix_case.py--> setUp 20: INFO ----->登账
2019-04-26 14:23:44,319 test_009_weix_case.py--> setUp 20: INFO ----->登账
2019-04-26 14:28:13,101 test_009_weix_case.py--> setUp 20: INFO ----->登账
2019-04-26 14:35:13,027 test_009_weix_case.py--> setUp 20: INFO ----->登账
2019-04-26 14:37:21,379 test_009_weix_case.py--> setUp 20: INFO ----->登账
2019-04-26 14:38:53,726 test_009_weix_case.py--> setUp 20: INFO ----->登账
2019-04-26 14:39:50,340 test_009_weix_case.py--> setUp 20: INFO ----->登账
2019-04-26 14:41:21,349 test_009_weix_case.py--> setUp 20: INFO ----->登账
2019-04-26 14:42:38,373 test_009_weix_case.py--> setUp 20: INFO ----->登账
2019-04-26 14:44:07,691 test_009_weix_case.py--> setUp 20: INFO ----->登账
2019-04-26 14:45:23,293 test_009_weix_case.py--> setUp 20: INFO ----->登账
2019-04-26 14:47:03,252 test_009_weix_case.py--> setUp 20: INFO ----->登账
2019-04-26 14:48:25,000 test_009_weix_case.py--> setUp 20: INFO ----->登账
2019-04-26 14:49:56,096 test_009_weix_case.py--> setUp 20: INFO ----->登账
2019-04-26 14:52:17,821 test_009_weix_case.py--> setUp 20: INFO ----->登账
2019-04-26 14:53:45,189 test_009_weix_case.py--> setUp 20: INFO ----->登账
2019-04-26 14:55:01,247 test_009_weix_case.py--> setUp 20: INFO ----->登账
2019-04-26 14:56:36,017 test_009_weix_case.py--> setUp 20: INFO ----->登账
2019-04-26 14:57:55,724 test_009_weix_case.py--> setUp 20: INFO ----->登账
2019-04-26 14:59:26,239 test_009_weix_case.py--> setUp 20: INFO ----->登账
2019-04-26 15:01:42,854 test_009_weix_case.py--> setUp 20: INFO ----->登账
2019-04-26 15:02:26,225 test_009_weix_case.py--> setUp 20: INFO ----->登账
2019-04-26 15:03:02,947 test_009_weix_case.py--> setUp 20: INFO ----->登账
2019-04-26 15:03:50,194 test_009_weix_case.py--> setUp 20: INFO ----->登账
2019-04-26 15:05:16,068 test_009_weix_case.py--> setUp 20: INFO ----->登账
2019-04-26 15:06:21,893 test_009_weix_case.py--> setUp 20: INFO ----->登账
2019-04-26 15:06:47,118 test_009_weix_case.py--> setUp 20: INFO ----->登账
2019-04-26 15:07:35,575 test_009_weix_case.py--> setUp 20: INFO ----->登账
2019-04-26 15:08:34,325 test_009_weix_case.py--> setUp 20: INFO ----->登账
2019-04-26 15:09:20,557 test_009_weix_case.py--> setUp 20: INFO ----->登账
2019-04-26 15:11:03,142 test_009_weix_case.py--> setUp 20: INFO ----->登账
2019-04-26 15:11:50,398 test_009_weix_case.py--> setUp 20: INFO ----->登账
2019-04-26 15:12:43,489 test_009_weix_case.py--> setUp 20: INFO ----->登账
2019-04-26 15:13:30,898 test_009_weix_case.py--> setUp 20: INFO ----->登账
2019-04-26 15:14:31,026 test_009_weix_case.py--> setUp 20: INFO ----->登账
2019-04-26 15:16:02,046 test_009_weix_case.py--> setUp 20: INFO ----->登账
2019-04-26 15:17:39,522 test_009_weix_case.py--> setUp 20: INFO ----->登账
2019-04-26 15:19:10,641 test_009_weix_case.py--> setUp 20: INFO ----->登账
2019-04-26 15:20:41,240 test_010_chuzhi_case.py--> setUp 20: INFO ----->登账
2019-04-26 15:22:01,626 test_010_chuzhi_case.py--> setUp 20: INFO ----->登账
2019-04-26 15:24:13,278 test_010_chuzhi_case.py--> setUp 20: INFO ----->登账
2019-04-26 15:25:37,596 test_010_chuzhi_case.py--> setUp 20: INFO ----->登账
2019-04-26 15:26:54,358 test_010_chuzhi_case.py--> setUp 20: INFO ----->登账
2019-04-26 15:28:53,505 test_010_chuzhi_case.py--> setUp 20: INFO ----->登账
2019-04-26 15:32:44,336 test_010_chuzhi_case.py--> setUp 20: INFO ----->登账
2019-04-26 15:35:12,170 test_011_chuzu_case.py--> setUp 20: INFO ----->登账
2019-04-26 15:38:04,996 test_011_chuzu_case.py--> setUp 20: INFO ----->登账
2019-04-26 15:40:30,962 test_001_login_case.py--> setUp 20: INFO ----->this is chrome
2019-04-26 15:40:32,043 test_001_login_case.py--> setUp 20: INFO ----->this is chrome
2019-04-26 15:40:32,929 test_001_login_case.py--> setUp 20: INFO ----->this is chrome
2019-04-26 15:40:34,038 test_001_login_case.py--> setUp 20: INFO ----->this is chrome
2019-04-26 15:40:34,994 test_001_login_case.py--> setUp 20: INFO ----->this is chrome
2019-04-26 15:40:51,473 test_002_shenl_case.py--> setUp 20: INFO ----->配置管理
2019-04-26 15:41:14,836 test_002_shenl_case.py--> setUp 20: INFO ----->配置管理
2019-04-26 15:41:35,022 test_002_shenl_case.py--> setUp 20: INFO ----->配置管理
2019-04-26 15:42:00,280 test_002_shenl_case.py--> setUp 20: INFO ----->配置管理
2019-04-26 15:42:24,142 test_002_shenl_case.py--> setUp 20: INFO ----->配置管理
2019-04-26 15:42:47,865 test_002_shenl_case.py--> setUp 20: INFO ----->配置管理
2019-04-26 15:43:07,560 test_002_shenl_case.py--> setUp 20: INFO ----->配置管理
2019-04-26 15:43:39,902 test_003_yans_case.py--> setUp 20: INFO ----->验收
2019-04-26 15:44:03,213 test_003_yans_case.py--> setUp 20: INFO ----->验收
2019-04-26 15:44:23,302 test_003_yans_case.py--> setUp 20: INFO ----->验收
2019-04-26 15:44:48,501 test_003_yans_case.py--> setUp 20: INFO ----->验收
2019-04-26 15:45:26,552 test_004_dengz_case.py--> setUp 20: INFO ----->登账
2019-04-26 15:46:18,191 test_004_dengz_case.py--> setUp 20: INFO ----->登账
2019-04-26 15:47:22,505 test_005_fenp_case.py--> setUp 20: INFO ----->分配
2019-04-26 15:48:01,987 test_005_fenp_case.py--> setUp 20: INFO ----->分配
2019-04-26 15:48:43,731 test_005_fenp_case.py--> setUp 20: INFO ----->分配
2019-04-26 15:49:34,698 test_006_guih_case.py--> setUp 20: INFO ----->归还
2019-04-26 15:50:32,371 test_006_guih_case.py--> setUp 20: INFO ----->归还
2019-04-26 15:51:39,759 test_007_zhuany_case.py--> setUp 20: INFO ----->转移流程
2019-04-26 15:52:48,036 test_007_zhuany_case.py--> setUp 20: INFO ----->转移流程
2019-04-26 15:53:32,286 test_007_zhuany_case.py--> setUp 20: INFO ----->转移流程
2019-04-26 15:54:16,085 test_007_zhuany_case.py--> setUp 20: INFO ----->转移流程
2019-04-26 15:55:30,387 test_008_shouh_case.py--> setUp 20: INFO ----->收回
2019-04-26 15:56:40,176 test_008_shouh_case.py--> setUp 20: INFO ----->收回
2019-04-26 15:57:47,714 test_008_shouh_case.py--> setUp 20: INFO ----->收回
2019-04-26 15:58:36,671 test_008_shouh_case.py--> setUp 20: INFO ----->收回
2019-04-26 15:59:39,238 test_009_weix_case.py--> setUp 20: INFO ----->登账
2019-04-26 16:01:03,919 test_009_weix_case.py--> setUp 20: INFO ----->登账
2019-04-26 16:02:06,577 test_009_weix_case.py--> setUp 20: INFO ----->登账
2019-04-26 16:03:13,658 test_009_weix_case.py--> setUp 20: INFO ----->登账
2019-04-26 16:04:26,872 test_009_weix_case.py--> setUp 20: INFO ----->登账
2019-04-26 16:05:52,614 test_009_weix_case.py--> setUp 20: INFO ----->登账
2019-04-26 16:07:30,000 test_010_chuzhi_case.py--> setUp 20: INFO ----->登账
2019-04-26 16:09:21,219 test_010_chuzhi_case.py--> setUp 20: INFO ----->登账
2019-04-26 16:10:49,617 test_010_chuzhi_case.py--> setUp 20: INFO ----->登账
2019-04-26 16:11:58,619 test_010_chuzhi_case.py--> setUp 20: INFO ----->登账
2019-04-26 16:14:07,805 test_011_chuzu_case.py--> setUp 20: INFO ----->登账
2019-04-26 17:27:38,714 test_006_guih_case.py--> setUp 20: INFO ----->归还
2019-04-26 17:33:57,330 test_006_guih_case.py--> setUp 20: INFO ----->归还
2019-04-26 17:42:15,435 test_001_login_case.py--> setUp 20: INFO ----->this is chrome
2019-04-26 17:42:16,508 test_001_login_case.py--> setUp 20: INFO ----->this is chrome
2019-04-26 17:42:17,441 test_001_login_case.py--> setUp 20: INFO ----->this is chrome
2019-04-26 17:42:18,443 test_001_login_case.py--> setUp 20: INFO ----->this is chrome
2019-04-26 17:42:19,428 test_001_login_case.py--> setUp 20: INFO ----->this is chrome
2019-04-26 17:42:45,886 test_002_shenl_case.py--> setUp 20: INFO ----->配置管理
2019-04-26 17:43:11,893 test_002_shenl_case.py--> setUp 20: INFO ----->配置管理
2019-04-26 17:43:32,372 test_002_shenl_case.py--> setUp 20: INFO ----->配置管理
2019-04-26 17:43:57,170 test_002_shenl_case.py--> setUp 20: INFO ----->配置管理
2019-04-26 17:44:22,110 test_002_shenl_case.py--> setUp 20: INFO ----->配置管理
2019-04-26 17:44:48,748 test_002_shenl_case.py--> setUp 20: INFO ----->配置管理
2019-04-26 17:45:20,348 test_002_shenl_case.py--> setUp 20: INFO ----->配置管理
2019-04-26 17:45:45,111 test_001_login_case.py--> setUp 20: INFO ----->this is chrome
2019-04-26 17:45:46,759 test_001_login_case.py--> setUp 20: INFO ----->this is chrome
2019-04-26 17:45:47,853 test_001_login_case.py--> setUp 20: INFO ----->this is chrome
2019-04-26 17:45:49,304 test_001_login_case.py--> setUp 20: INFO ----->this is chrome
2019-04-26 17:45:50,337 test_001_login_case.py--> setUp 20: INFO ----->this is chrome
2019-04-26 17:46:17,253 test_002_shenl_case.py--> setUp 20: INFO ----->配置管理
2019-04-26 17:46:45,564 test_002_shenl_case.py--> setUp 20: INFO ----->配置管理
2019-04-26 17:47:05,372 test_002_shenl_case.py--> setUp 20: INFO ----->配置管理
2019-04-26 17:47:43,734 test_002_shenl_case.py--> setUp 20: INFO ----->配置管理
2019-04-26 17:48:08,741 test_002_shenl_case.py--> setUp 20: INFO ----->配置管理
2019-04-26 17:48:32,593 test_002_shenl_case.py--> setUp 20: INFO ----->配置管理
2019-04-26 17:48:51,891 test_002_shenl_case.py--> setUp 20: INFO ----->配置管理
2019-04-26 17:49:24,518 test_003_yans_case.py--> setUp 20: INFO ----->验收
2019-04-26 17:49:44,576 test_003_yans_case.py--> setUp 20: INFO ----->验收
2019-04-26 17:50:04,432 test_003_yans_case.py--> setUp 20: INFO ----->验收
2019-04-26 17:50:29,702 test_003_yans_case.py--> setUp 20: INFO ----->验收
