2019-11-28 09:28:41,101 test_001_login_case.py--> setup 20: INFO ----->this is chrome
2019-11-28 09:28:43,116 test_001_login_case.py--> setup 20: INFO ----->this is chrome
2019-11-28 09:28:44,242 test_001_login_case.py--> setup 20: INFO ----->this is chrome
2019-11-28 09:28:45,634 test_001_login_case.py--> setup 20: INFO ----->this is chrome
2019-11-28 09:28:47,365 test_001_login_case.py--> setup 20: INFO ----->this is chrome
2019-11-28 09:29:08,428 test_001_login_case.py--> setup 20: INFO ----->this is chrome
2019-11-28 09:29:10,048 test_001_login_case.py--> setup 20: INFO ----->this is chrome
2019-11-28 09:29:11,564 test_001_login_case.py--> setup 20: INFO ----->this is chrome
2019-11-28 09:29:13,188 test_001_login_case.py--> setup 20: INFO ----->this is chrome
2019-11-28 09:29:14,599 test_001_login_case.py--> setup 20: INFO ----->this is chrome
2019-11-28 09:29:47,480 test_002_shenl_case.py--> setup 20: INFO ----->配置管理
2019-11-28 09:30:06,605 test_002_shenl_case.py--> setup 20: INFO ----->配置管理
2019-11-28 09:30:24,942 test_001_login_case.py--> setup 20: INFO ----->this is chrome
2019-11-28 09:30:26,808 test_001_login_case.py--> setup 20: INFO ----->this is chrome
2019-11-28 09:30:28,350 test_001_login_case.py--> setup 20: INFO ----->this is chrome
2019-11-28 09:30:50,460 test_001_login_case.py--> setup 20: INFO ----->this is chrome
2019-11-28 09:30:52,322 test_001_login_case.py--> setup 20: INFO ----->this is chrome
2019-11-28 09:30:53,768 test_001_login_case.py--> setup 20: INFO ----->this is chrome
2019-11-28 09:30:55,508 test_001_login_case.py--> setup 20: INFO ----->this is chrome
2019-11-28 09:30:56,963 test_001_login_case.py--> setup 20: INFO ----->this is chrome
2019-11-28 09:31:42,366 test_001_login_case.py--> setup 20: INFO ----->this is chrome
2019-11-28 09:32:15,161 test_001_login_case.py--> setup 20: INFO ----->this is chrome
2019-11-28 09:33:15,892 test_001_login_case.py--> setup 20: INFO ----->this is chrome
2019-11-28 09:33:57,133 test_001_login_case.py--> setup 20: INFO ----->this is chrome
2019-11-28 09:35:15,021 test_001_login_case.py--> setup 20: INFO ----->this is chrome
2019-11-28 09:35:16,772 test_001_login_case.py--> setup 20: INFO ----->this is chrome
2019-11-28 09:35:18,351 test_001_login_case.py--> setup 20: INFO ----->this is chrome
2019-11-28 09:35:20,038 test_001_login_case.py--> setup 20: INFO ----->this is chrome
2019-11-28 09:35:21,649 test_001_login_case.py--> setup 20: INFO ----->this is chrome
2019-11-28 09:35:44,416 test_002_shenl_case.py--> setup 20: INFO ----->配置管理
2019-11-28 09:36:07,597 test_002_shenl_case.py--> setup 20: INFO ----->配置管理
2019-11-28 09:42:46,115 test_001_login_case.py--> setup 20: INFO ----->this is chrome
2019-11-28 09:42:48,461 test_001_login_case.py--> setup 20: INFO ----->this is chrome
2019-11-28 09:42:50,087 test_001_login_case.py--> setup 20: INFO ----->this is chrome
2019-11-28 09:42:51,835 test_001_login_case.py--> setup 20: INFO ----->this is chrome
2019-11-28 09:42:53,335 test_001_login_case.py--> setup 20: INFO ----->this is chrome
2019-11-28 09:43:07,032 test_002_shenl_case.py--> setup 20: INFO ----->配置管理
2019-11-28 09:43:28,632 test_002_shenl_case.py--> setup 20: INFO ----->配置管理
2019-11-28 09:43:52,172 test_002_shenl_case.py--> setup 20: INFO ----->配置管理
2019-11-28 09:44:15,816 test_002_shenl_case.py--> setup 20: INFO ----->配置管理
2019-11-28 09:44:44,274 test_002_shenl_case.py--> setup 20: INFO ----->配置管理
2019-11-28 09:45:11,980 test_002_shenl_case.py--> setup 20: INFO ----->配置管理
2019-11-28 09:45:41,809 test_002_shenl_case.py--> setup 20: INFO ----->配置管理
2019-11-28 09:46:17,524 test_003_yans_case.py--> setup 20: INFO ----->验收
2019-11-28 09:46:43,187 test_003_yans_case.py--> setup 20: INFO ----->验收
2019-11-28 09:47:03,576 test_003_yans_case.py--> setup 20: INFO ----->验收
2019-11-28 09:48:32,889 test_003_yans_case.py--> setup 20: INFO ----->验收
2019-11-28 09:48:56,192 test_003_yans_case.py--> setup 20: INFO ----->验收
2019-11-28 09:49:00,443 test_003_yans_case.py--> setup 20: INFO ----->验收
2019-11-28 09:50:21,047 test_001_login_case.py--> setup 20: INFO ----->this is chrome
2019-11-28 09:50:22,720 test_001_login_case.py--> setup 20: INFO ----->this is chrome
2019-11-28 09:50:24,427 test_001_login_case.py--> setup 20: INFO ----->this is chrome
2019-11-28 09:50:26,109 test_001_login_case.py--> setup 20: INFO ----->this is chrome
2019-11-28 09:50:27,558 test_001_login_case.py--> setup 20: INFO ----->this is chrome
2019-11-28 09:50:42,422 test_002_shenl_case.py--> setup 20: INFO ----->配置管理
2019-11-28 09:51:06,558 test_002_shenl_case.py--> setup 20: INFO ----->配置管理
2019-11-28 09:51:27,701 test_002_shenl_case.py--> setup 20: INFO ----->配置管理
2019-11-28 09:51:49,846 test_002_shenl_case.py--> setup 20: INFO ----->配置管理
2019-11-28 09:52:15,337 test_002_shenl_case.py--> setup 20: INFO ----->配置管理
2019-11-28 09:52:44,001 test_002_shenl_case.py--> setup 20: INFO ----->配置管理
2019-11-28 09:53:10,407 test_002_shenl_case.py--> setup 20: INFO ----->配置管理
2019-11-28 09:53:43,536 test_003_yans_case.py--> setup 20: INFO ----->验收
2019-11-28 09:54:11,232 test_003_yans_case.py--> setup 20: INFO ----->验收
2019-11-28 09:54:13,672 test_003_yans_case.py--> setup 20: INFO ----->验收
2019-11-28 09:54:54,425 test_003_yans_case.py--> setup 20: INFO ----->验收
2019-11-28 09:55:44,793 test_004_dengz_case.py--> setup 20: INFO ----->登账
2019-11-28 10:02:38,516 test_003_yans_case.py--> setup 20: INFO ----->验收
2019-11-28 10:03:09,039 test_003_yans_case.py--> setup 20: INFO ----->验收
2019-11-28 10:03:53,873 test_003_yans_case.py--> setup 20: INFO ----->验收
2019-11-28 10:17:29,678 test_003_yans_case.py--> setup 20: INFO ----->验收
2019-11-28 10:18:12,830 test_001_login_case.py--> setup 20: INFO ----->this is chrome
2019-11-28 10:18:14,625 test_001_login_case.py--> setup 20: INFO ----->this is chrome
2019-11-28 10:18:16,238 test_001_login_case.py--> setup 20: INFO ----->this is chrome
2019-11-28 10:18:20,726 test_001_login_case.py--> setup 20: INFO ----->this is chrome
2019-11-28 10:18:22,247 test_001_login_case.py--> setup 20: INFO ----->this is chrome
2019-11-28 10:18:37,076 test_002_shenl_case.py--> setup 20: INFO ----->配置管理
2019-11-28 10:18:53,962 test_002_shenl_case.py--> setup 20: INFO ----->配置管理
2019-11-28 10:19:46,678 test_002_shenl_case.py--> setup 20: INFO ----->配置管理
2019-11-28 10:36:25,371 test_002_shenl_case.py--> setup 20: INFO ----->配置管理
2019-11-28 10:37:02,412 test_002_shenl_case.py--> setup 20: INFO ----->配置管理
2019-11-28 10:37:38,157 test_002_shenl_case.py--> setup 20: INFO ----->配置管理
2019-11-28 10:37:44,822 test_002_shenl_case.py--> setup 20: INFO ----->配置管理
2019-11-28 10:38:29,578 test_002_shenl_case.py--> setup 20: INFO ----->配置管理
2019-11-28 10:39:07,943 test_002_shenl_case.py--> setup 20: INFO ----->配置管理
2019-11-28 10:39:55,339 test_002_shenl_case.py--> setup 20: INFO ----->配置管理
2019-11-28 10:42:51,199 test_002_shenl_case.py--> setup 20: INFO ----->配置管理
2019-11-28 10:44:43,122 test_002_shenl_case.py--> setup 20: INFO ----->配置管理
2019-11-28 10:46:14,927 test_001_login_case.py--> setup 20: INFO ----->this is chrome
2019-11-28 10:46:16,701 test_001_login_case.py--> setup 20: INFO ----->this is chrome
2019-11-28 10:46:18,169 test_001_login_case.py--> setup 20: INFO ----->this is chrome
2019-11-28 10:46:19,822 test_001_login_case.py--> setup 20: INFO ----->this is chrome
2019-11-28 10:46:21,464 test_001_login_case.py--> setup 20: INFO ----->this is chrome
2019-11-28 10:46:37,807 test_002_shenl_case.py--> setup 20: INFO ----->配置管理
2019-11-28 10:47:15,114 test_002_shenl_case.py--> setup 20: INFO ----->配置管理
2019-11-28 10:47:51,110 test_002_shenl_case.py--> setup 20: INFO ----->配置管理
2019-11-28 10:48:26,257 test_002_shenl_case.py--> setup 20: INFO ----->配置管理
2019-11-28 10:49:13,612 test_002_shenl_case.py--> setup 20: INFO ----->配置管理
2019-11-28 10:49:49,393 test_002_shenl_case.py--> setup 20: INFO ----->配置管理
2019-11-28 10:50:24,876 test_002_shenl_case.py--> setup 20: INFO ----->配置管理
2019-11-28 10:51:00,571 test_002_shenl_case.py--> setup 20: INFO ----->配置管理
2019-11-28 10:52:50,848 test_002_shenl_case.py--> setup 20: INFO ----->配置管理
2019-11-28 10:53:24,345 test_002_shenl_case.py--> setup 20: INFO ----->配置管理
2019-11-28 10:53:58,039 test_002_shenl_case.py--> setup 20: INFO ----->配置管理
2019-11-28 10:54:04,617 test_002_shenl_case.py--> setup 20: INFO ----->配置管理
2019-11-28 10:54:38,595 test_002_shenl_case.py--> setup 20: INFO ----->配置管理
2019-11-28 10:55:41,958 test_002_shenl_case.py--> setup 20: INFO ----->配置管理
2019-11-28 10:56:36,864 test_002_shenl_case.py--> setup 20: INFO ----->配置管理
2019-11-28 10:57:30,759 test_002_shenl_case.py--> setup 20: INFO ----->配置管理
2019-11-28 11:01:15,374 test_002_shenl_case.py--> setup 20: INFO ----->配置管理
2019-11-28 11:02:33,951 test_002_shenl_case.py--> setup 20: INFO ----->配置管理
2019-11-28 11:04:04,553 test_002_shenl_case.py--> setup 20: INFO ----->配置管理
2019-11-28 11:05:21,570 test_002_shenl_case.py--> setUp 20: INFO ----->配置管理
2019-11-28 11:05:53,820 test_002_shenl_case.py--> setUp 20: INFO ----->配置管理
2019-11-28 11:06:24,348 test_002_shenl_case.py--> setUp 20: INFO ----->配置管理
2019-11-28 11:07:05,074 test_002_shenl_case.py--> setUp 20: INFO ----->配置管理
2019-11-28 11:07:49,582 test_002_shenl_case.py--> setUp 20: INFO ----->配置管理
2019-11-28 11:08:24,250 test_002_shenl_case.py--> setUp 20: INFO ----->配置管理
2019-11-28 11:12:40,168 test_002_shenl_case.py--> setup 20: INFO ----->配置管理
2019-11-28 11:14:18,612 test_002_shenl_case.py--> setup 20: INFO ----->配置管理
2019-11-28 11:37:07,377 test_002_shenl_case.py--> setup 20: INFO ----->配置管理
2019-11-28 11:37:46,724 test_002_shenl_case.py--> setup 20: INFO ----->配置管理
2019-11-28 11:38:20,928 test_002_shenl_case.py--> setup 20: INFO ----->配置管理
2019-11-28 11:38:56,041 test_002_shenl_case.py--> setup 20: INFO ----->配置管理
2019-11-28 11:39:03,052 test_002_shenl_case.py--> setup 20: INFO ----->配置管理
2019-11-28 11:39:45,097 test_002_shenl_case.py--> setup 20: INFO ----->配置管理
2019-11-28 11:39:51,472 test_002_shenl_case.py--> setup 20: INFO ----->配置管理
2019-11-28 11:41:50,508 test_002_shenl_case.py--> setup 20: INFO ----->配置管理
2019-11-28 14:29:56,706 test_002_shenl_case.py--> setup 20: INFO ----->配置管理
2019-11-28 14:31:24,928 test_002_shenl_case.py--> setup 20: INFO ----->配置管理
2019-11-28 14:32:06,233 test_002_shenl_case.py--> setup 20: INFO ----->配置管理
2019-11-28 14:32:45,709 test_002_shenl_case.py--> setup 20: INFO ----->配置管理
2019-11-28 14:33:24,517 test_002_shenl_case.py--> setup 20: INFO ----->配置管理
2019-11-28 14:34:12,141 test_002_shenl_case.py--> setup 20: INFO ----->配置管理
2019-11-28 14:35:01,361 test_002_shenl_case.py--> setup 20: INFO ----->配置管理
2019-11-28 14:35:50,484 test_002_shenl_case.py--> setup 20: INFO ----->配置管理
2019-11-28 14:37:32,110 test_003_yans_case.py--> setup 20: INFO ----->验收
2019-11-28 14:38:08,990 test_003_yans_case.py--> setup 20: INFO ----->验收
2019-11-28 14:38:35,802 test_003_yans_case.py--> setup 20: INFO ----->验收
2019-11-28 14:39:13,466 test_003_yans_case.py--> setup 20: INFO ----->验收
2019-11-28 14:40:39,760 test_004_dengz_case.py--> setup 20: INFO ----->登账
2019-11-28 14:41:59,054 test_004_dengz_case.py--> setup 20: INFO ----->登账
2019-11-28 14:44:16,220 test_005_fenpei_case.py--> setup 20: INFO ----->分配
2019-11-28 14:45:12,417 test_005_fenpei_case.py--> setup 20: INFO ----->分配
2019-11-28 14:46:05,757 test_005_fenpei_case.py--> setup 20: INFO ----->分配
2019-11-28 14:47:59,517 test_001_login_case.py--> setup 20: INFO ----->this is chrome
2019-11-28 14:48:01,187 test_001_login_case.py--> setup 20: INFO ----->this is chrome
2019-11-28 14:48:02,548 test_001_login_case.py--> setup 20: INFO ----->this is chrome
2019-11-28 14:48:03,994 test_001_login_case.py--> setup 20: INFO ----->this is chrome
2019-11-28 14:48:05,515 test_001_login_case.py--> setup 20: INFO ----->this is chrome
2019-11-28 14:48:19,626 test_002_shenl_case.py--> setup 20: INFO ----->配置管理
2019-11-28 14:49:04,620 test_002_shenl_case.py--> setup 20: INFO ----->配置管理
2019-11-28 14:49:44,447 test_002_shenl_case.py--> setup 20: INFO ----->配置管理
2019-11-28 14:50:21,946 test_002_shenl_case.py--> setup 20: INFO ----->配置管理
2019-11-28 14:51:05,931 test_002_shenl_case.py--> setup 20: INFO ----->配置管理
2019-11-28 14:51:50,273 test_002_shenl_case.py--> setup 20: INFO ----->配置管理
2019-11-28 14:52:34,113 test_002_shenl_case.py--> setup 20: INFO ----->配置管理
2019-11-28 14:53:24,775 test_003_yans_case.py--> setup 20: INFO ----->验收
2019-11-28 14:54:00,398 test_003_yans_case.py--> setup 20: INFO ----->验收
2019-11-28 14:54:25,447 test_003_yans_case.py--> setup 20: INFO ----->验收
2019-11-28 14:54:59,838 test_003_yans_case.py--> setup 20: INFO ----->验收
2019-11-28 14:55:44,460 test_004_dengz_case.py--> setup 20: INFO ----->登账
2019-11-28 14:56:49,675 test_004_dengz_case.py--> setup 20: INFO ----->登账
2019-11-28 14:58:00,806 test_005_fenpei_case.py--> setup 20: INFO ----->分配
2019-11-28 14:58:54,568 test_005_fenpei_case.py--> setup 20: INFO ----->分配
2019-11-28 14:59:45,410 test_005_fenpei_case.py--> setup 20: INFO ----->分配
2019-11-28 15:01:06,937 test_006_guihuan_case.py--> setup 20: INFO ----->归还
2019-11-28 15:02:17,213 test_006_guihuan_case.py--> setup 20: INFO ----->归还
2019-11-28 15:03:34,320 test_007_zhuanyi_case.py--> setup 20: INFO ----->转移流程
2019-11-28 15:04:45,969 test_007_zhuanyi_case.py--> setup 20: INFO ----->转移流程
2019-11-28 15:05:50,214 test_007_zhuanyi_case.py--> setup 20: INFO ----->转移流程
2019-11-28 15:06:55,480 test_007_zhuanyi_case.py--> setup 20: INFO ----->转移流程
2019-11-28 15:08:08,567 test_008_shouhui_case.py--> setup 20: INFO ----->收回
2019-11-28 15:09:11,662 test_008_shouhui_case.py--> setup 20: INFO ----->收回
2019-11-28 15:10:17,778 test_008_shouhui_case.py--> setup 20: INFO ----->收回
2019-11-28 15:11:13,001 test_008_shouhui_case.py--> setup 20: INFO ----->收回
2019-11-28 15:12:19,687 test_009_weix_case.py--> setup 20: INFO ----->维修
2019-11-28 15:13:13,162 test_009_weix_case.py--> setup 20: INFO ----->维修
2019-11-28 15:13:13,446 test_009_weix_case.py--> setup 20: INFO ----->维修
2019-11-28 15:13:13,717 test_009_weix_case.py--> setup 20: INFO ----->维修
2019-11-28 15:13:14,032 test_009_weix_case.py--> setup 20: INFO ----->维修
2019-11-28 15:13:14,381 test_009_weix_case.py--> setup 20: INFO ----->维修
2019-11-28 15:13:25,023 test_010_chuzu_case.py--> setup 20: INFO ----->出租
2019-11-28 15:14:28,304 test_011_chengzu_case.py--> setup 20: INFO ----->出租
2019-11-28 15:15:01,118 test_011_chengzu_case.py--> setup 20: INFO ----->出租
2019-11-28 15:15:43,983 test_011_chengzu_case.py--> setup 20: INFO ----->出租
2019-11-28 15:16:25,651 test_002_shenl_case.py--> setup 20: INFO ----->配置管理
2019-11-28 15:17:06,861 test_002_shenl_case.py--> setup 20: INFO ----->配置管理
2019-11-28 15:18:22,390 test_004_dengz_case.py--> setup 20: INFO ----->登账
2019-11-28 15:20:01,341 test_007_zhuanyi_case.py--> setup 20: INFO ----->转移流程
2019-11-28 15:20:51,591 test_007_zhuanyi_case.py--> setup 20: INFO ----->转移流程
2019-11-28 15:21:08,525 test_007_zhuanyi_case.py--> setup 20: INFO ----->转移流程
2019-11-28 15:21:09,305 test_007_zhuanyi_case.py--> setup 20: INFO ----->转移流程
2019-11-28 15:21:20,379 test_009_weix_case.py--> setup 20: INFO ----->维修
2019-11-28 15:22:13,435 test_009_weix_case.py--> setup 20: INFO ----->维修
2019-11-28 15:22:13,747 test_009_weix_case.py--> setup 20: INFO ----->维修
2019-11-28 15:22:14,140 test_009_weix_case.py--> setup 20: INFO ----->维修
2019-11-28 15:22:14,462 test_009_weix_case.py--> setup 20: INFO ----->维修
2019-11-28 15:22:14,749 test_009_weix_case.py--> setup 20: INFO ----->维修
2019-11-28 15:22:25,339 test_010_chuzu_case.py--> setup 20: INFO ----->出租
2019-11-28 15:24:40,610 test_007_zhuanyi_case.py--> setup 20: INFO ----->转移流程
2019-11-28 18:21:59,111 test_010_chuzu_case.py--> setup 20: INFO ----->出租
2019-11-28 18:24:01,490 test_010_chuzu_case.py--> setup 20: INFO ----->出租
