2019-12-06 09:37:35,811 test_009_weix_case.py--> setup 20: INFO ----->维修
2019-12-06 09:41:19,043 test_009_weix_case.py--> setup 20: INFO ----->维修
2019-12-06 09:42:13,892 test_009_weix_case.py--> setup 20: INFO ----->维修
2019-12-06 09:42:37,456 test_009_weix_case.py--> setup 20: INFO ----->维修
2019-12-06 09:43:39,209 test_009_weix_case.py--> setup 20: INFO ----->维修
2019-12-06 09:44:11,039 test_009_weix_case.py--> setup 20: INFO ----->维修
2019-12-06 09:44:25,469 test_009_weix_case.py--> setup 20: INFO ----->维修
2019-12-06 09:44:54,706 test_009_weix_case.py--> setup 20: INFO ----->维修
2019-12-06 09:52:57,462 test_009_weix_case.py--> setup 20: INFO ----->维修
2019-12-06 09:56:41,099 test_009_weix_case.py--> setup 20: INFO ----->维修
2019-12-06 09:57:36,823 test_009_weix_case.py--> setup 20: INFO ----->维修
2019-12-06 09:58:00,826 test_009_weix_case.py--> setup 20: INFO ----->维修
2019-12-06 09:58:59,991 test_009_weix_case.py--> setup 20: INFO ----->维修
2019-12-06 10:06:22,272 test_009_weix_case.py--> setup 20: INFO ----->维修
2019-12-06 10:07:15,127 test_009_weix_case.py--> setup 20: INFO ----->维修
2019-12-06 10:07:40,822 test_009_weix_case.py--> setup 20: INFO ----->维修
2019-12-06 10:08:39,861 test_009_weix_case.py--> setup 20: INFO ----->维修
2019-12-06 10:09:12,731 test_009_weix_case.py--> setup 20: INFO ----->维修
2019-12-06 10:09:36,498 test_009_weix_case.py--> setup 20: INFO ----->维修
2019-12-06 10:09:45,321 test_009_weix_case.py--> setup 20: INFO ----->维修
2019-12-06 10:09:57,625 test_009_weix_case.py--> setup 20: INFO ----->维修
2019-12-06 10:10:10,040 test_009_weix_case.py--> setup 20: INFO ----->维修
2019-12-06 10:13:21,409 test_009_weix_case.py--> setup 20: INFO ----->维修
2019-12-06 11:24:22,416 test_009_weix_case.py--> setup 20: INFO ----->维修
2019-12-06 11:34:56,309 test_009_weix_case.py--> setup 20: INFO ----->维修
2019-12-06 11:35:56,263 test_009_weix_case.py--> setup 20: INFO ----->维修
2019-12-06 11:36:21,077 test_009_weix_case.py--> setup 20: INFO ----->维修
2019-12-06 11:37:21,694 test_009_weix_case.py--> setup 20: INFO ----->维修
2019-12-06 11:37:54,011 test_009_weix_case.py--> setup 20: INFO ----->维修
2019-12-06 11:38:17,653 test_009_weix_case.py--> setup 20: INFO ----->维修
2019-12-06 11:38:26,570 test_009_weix_case.py--> setup 20: INFO ----->维修
2019-12-06 11:38:39,594 test_009_weix_case.py--> setup 20: INFO ----->维修
2019-12-06 11:38:52,115 test_009_weix_case.py--> setup 20: INFO ----->维修
2019-12-06 11:56:02,165 test_001_login_case.py--> setup 20: INFO ----->this is chrome
2019-12-06 11:56:03,863 test_001_login_case.py--> setup 20: INFO ----->this is chrome
2019-12-06 11:56:05,318 test_001_login_case.py--> setup 20: INFO ----->this is chrome
2019-12-06 11:56:06,873 test_001_login_case.py--> setup 20: INFO ----->this is chrome
2019-12-06 11:56:08,372 test_001_login_case.py--> setup 20: INFO ----->this is chrome
2019-12-06 11:56:26,729 test_002_shenl_case.py--> setup 20: INFO ----->配置管理
2019-12-06 11:57:05,012 test_002_shenl_case.py--> setup 20: INFO ----->配置管理
2019-12-06 11:57:39,857 test_002_shenl_case.py--> setup 20: INFO ----->配置管理
2019-12-06 11:58:14,747 test_002_shenl_case.py--> setup 20: INFO ----->配置管理
2019-12-06 11:58:57,860 test_002_shenl_case.py--> setup 20: INFO ----->配置管理
2019-12-06 11:59:39,415 test_002_shenl_case.py--> setup 20: INFO ----->配置管理
2019-12-06 12:00:21,008 test_002_shenl_case.py--> setup 20: INFO ----->配置管理
2019-12-06 12:01:12,324 test_003_yans_case.py--> setup 20: INFO ----->验收
2019-12-06 12:01:44,820 test_003_yans_case.py--> setup 20: INFO ----->验收
2019-12-06 12:02:09,341 test_003_yans_case.py--> setup 20: INFO ----->验收
2019-12-06 12:02:43,102 test_003_yans_case.py--> setup 20: INFO ----->验收
2019-12-06 12:03:29,426 test_004_dengz_case.py--> setup 20: INFO ----->登账
2019-12-06 12:04:32,490 test_004_dengz_case.py--> setup 20: INFO ----->登账
2019-12-06 12:05:38,366 test_005_fenpei_case.py--> setup 20: INFO ----->分配
2019-12-06 12:06:29,332 test_005_fenpei_case.py--> setup 20: INFO ----->分配
2019-12-06 12:07:18,797 test_005_fenpei_case.py--> setup 20: INFO ----->分配
2019-12-06 12:08:39,568 test_006_guihuan_case.py--> setup 20: INFO ----->归还
2019-12-06 12:09:42,100 test_006_guihuan_case.py--> setup 20: INFO ----->归还
2019-12-06 12:10:57,933 test_007_zhuanyi_case.py--> setup 20: INFO ----->转移流程
2019-12-06 12:11:58,530 test_007_zhuanyi_case.py--> setup 20: INFO ----->转移流程
2019-12-06 12:12:56,311 test_007_zhuanyi_case.py--> setup 20: INFO ----->转移流程
2019-12-06 12:14:25,390 test_007_zhuanyi_case.py--> setup 20: INFO ----->转移流程
2019-12-06 12:16:01,060 test_008_shouhui_case.py--> setup 20: INFO ----->收回
2019-12-06 12:16:57,436 test_008_shouhui_case.py--> setup 20: INFO ----->收回
2019-12-06 12:18:03,172 test_008_shouhui_case.py--> setup 20: INFO ----->收回
2019-12-06 12:18:55,303 test_008_shouhui_case.py--> setup 20: INFO ----->收回
2019-12-06 12:22:53,860 test_010_chuzu_case.py--> setup 20: INFO ----->出租
2019-12-06 12:23:49,101 test_011_chengzu_case.py--> setup 20: INFO ----->出租
2019-12-06 12:24:20,763 test_011_chengzu_case.py--> setup 20: INFO ----->出租
2019-12-06 12:25:03,341 test_011_chengzu_case.py--> setup 20: INFO ----->出租
2019-12-06 12:25:41,831 test_001_login_case.py--> setup 20: INFO ----->this is chrome
2019-12-06 12:26:01,628 test_004_dengz_case.py--> setup 20: INFO ----->登账
2019-12-06 12:30:06,881 test_010_chuzu_case.py--> setup 20: INFO ----->出租
2019-12-06 13:45:55,548 test_009_weix_case.py--> setup 20: INFO ----->维修
2019-12-06 13:46:39,474 test_009_weix_case.py--> setup 20: INFO ----->维修
2019-12-06 13:48:57,553 test_009_weix_case.py--> setup 20: INFO ----->维修
2019-12-06 13:49:35,455 test_009_weix_case.py--> setup 20: INFO ----->维修
2019-12-06 13:51:30,714 test_009_weix_case.py--> setup 20: INFO ----->维修
2019-12-06 13:55:10,226 test_009_weix_case.py--> setup 20: INFO ----->维修
2019-12-06 13:55:53,186 test_009_weix_case.py--> setup 20: INFO ----->维修
2019-12-06 13:56:46,719 test_010_chuzu_case.py--> setup 20: INFO ----->出租
2019-12-06 13:59:36,122 test_011_chengzu_case.py--> setup 20: INFO ----->出租
2019-12-06 14:00:09,840 test_011_chengzu_case.py--> setup 20: INFO ----->出租
2019-12-06 14:00:54,037 test_011_chengzu_case.py--> setup 20: INFO ----->出租
2019-12-06 15:07:40,056 test_009_weix_case.py--> setup 20: INFO ----->维修
2019-12-06 15:09:39,887 test_009_weix_case.py--> setup 20: INFO ----->维修
2019-12-06 15:11:48,634 test_009_weix_case.py--> setup 20: INFO ----->维修
