2019-10-17 13:43:44,692 test_001_login_case.py--> setUp 20: INFO ----->this is chrome
2019-10-17 13:43:46,192 test_001_login_case.py--> setUp 20: INFO ----->this is chrome
2019-10-17 13:43:47,220 test_001_login_case.py--> setUp 20: INFO ----->this is chrome
2019-10-17 13:43:48,354 test_001_login_case.py--> setUp 20: INFO ----->this is chrome
2019-10-17 13:43:49,333 test_001_login_case.py--> setUp 20: INFO ----->this is chrome
2019-10-17 13:44:17,926 test_002_shenl_case.py--> setUp 20: INFO ----->配置管理
2019-10-17 13:44:39,641 test_002_shenl_case.py--> setUp 20: INFO ----->配置管理
2019-10-17 13:44:56,078 test_002_shenl_case.py--> setUp 20: INFO ----->配置管理
2019-10-17 13:45:10,409 test_002_shenl_case.py--> setUp 20: INFO ----->配置管理
2019-10-17 13:45:24,657 test_002_shenl_case.py--> setUp 20: INFO ----->配置管理
2019-10-17 13:45:39,449 test_002_shenl_case.py--> setUp 20: INFO ----->配置管理
2019-10-17 13:45:54,006 test_002_shenl_case.py--> setUp 20: INFO ----->配置管理
2019-10-17 13:47:18,712 test_002_shenl_case.py--> setUp 20: INFO ----->配置管理
2019-10-17 13:47:36,028 test_002_shenl_case.py--> setUp 20: INFO ----->配置管理
2019-10-17 13:48:07,915 test_002_shenl_case.py--> setUp 20: INFO ----->配置管理
2019-10-17 13:48:28,866 test_002_shenl_case.py--> setUp 20: INFO ----->配置管理
2019-10-17 13:48:49,084 test_002_shenl_case.py--> setUp 20: INFO ----->配置管理
2019-10-17 13:49:13,995 test_002_shenl_case.py--> setUp 20: INFO ----->配置管理
2019-10-17 13:49:38,406 test_002_shenl_case.py--> setUp 20: INFO ----->配置管理
2019-10-17 13:50:03,006 test_002_shenl_case.py--> setUp 20: INFO ----->配置管理
2019-10-17 13:50:46,212 test_003_yans_case.py--> setUp 20: INFO ----->验收
2019-10-17 13:51:10,153 test_003_yans_case.py--> setUp 20: INFO ----->验收
2019-10-17 13:51:29,513 test_003_yans_case.py--> setUp 20: INFO ----->验收
2019-10-17 13:51:58,708 test_003_yans_case.py--> setUp 20: INFO ----->验收
2019-10-17 13:52:44,458 test_004_dengz_case.py--> setUp 20: INFO ----->登账
2019-10-17 13:53:42,961 test_004_dengz_case.py--> setUp 20: INFO ----->登账
2019-10-17 13:55:00,367 test_005_fenp_case.py--> setUp 20: INFO ----->分配
2019-10-17 13:55:42,832 test_005_fenp_case.py--> setUp 20: INFO ----->分配
2019-10-17 13:56:20,380 test_005_fenp_case.py--> setUp 20: INFO ----->分配
2019-10-17 13:59:07,632 test_006_guih_case.py--> setUp 20: INFO ----->归还
2019-10-17 14:00:09,362 test_006_guih_case.py--> setUp 20: INFO ----->归还
2019-10-17 14:05:23,870 test_007_zhuany_case.py--> setUp 20: INFO ----->转移流程
2019-10-17 14:06:23,816 test_007_zhuany_case.py--> setUp 20: INFO ----->转移流程
2019-10-17 14:07:10,270 test_007_zhuany_case.py--> setUp 20: INFO ----->转移流程
2019-10-17 14:08:27,531 test_007_zhuany_case.py--> setUp 20: INFO ----->转移流程
2019-10-17 14:10:29,317 test_008_shouh_case.py--> setUp 20: INFO ----->收回
2019-10-17 14:11:43,719 test_008_shouh_case.py--> setUp 20: INFO ----->收回
2019-10-17 14:13:55,269 test_009_weix_case.py--> setUp 20: INFO ----->登账
2019-10-17 14:16:04,433 test_009_weix_case.py--> setUp 20: INFO ----->登账
2019-10-17 14:49:50,193 test_010_chuzhi_case.py--> setUp 20: INFO ----->登账
2019-10-17 14:51:24,263 test_010_chuzhi_case.py--> setUp 20: INFO ----->登账
2019-10-17 14:52:36,470 test_010_chuzhi_case.py--> setUp 20: INFO ----->登账
2019-10-17 14:54:05,522 test_010_chuzhi_case.py--> setUp 20: INFO ----->登账
2019-10-17 14:55:56,935 test_010_chuzhi_case.py--> setUp 20: INFO ----->登账
2019-10-17 14:57:30,252 test_010_chuzhi_case.py--> setUp 20: INFO ----->登账
2019-10-17 15:10:09,205 test_010_chuzhi_case.py--> setUp 20: INFO ----->登账
2019-10-17 15:12:12,567 test_010_chuzhi_case.py--> setUp 20: INFO ----->登账
2019-10-17 15:14:11,148 test_010_chuzhi_case.py--> setUp 20: INFO ----->登账
2019-10-17 15:18:34,161 test_011_chuzu_case.py--> setUp 20: INFO ----->登账
2019-10-17 15:24:42,814 test_011_chuzu_case.py--> setUp 20: INFO ----->登账
2019-10-17 15:30:55,385 test_011_chuzu_case.py--> setUp 20: INFO ----->登账
2019-10-17 15:33:19,034 test_001_login_case.py--> setUp 20: INFO ----->this is chrome
2019-10-17 15:33:20,851 test_001_login_case.py--> setUp 20: INFO ----->this is chrome
2019-10-17 15:33:22,191 test_001_login_case.py--> setUp 20: INFO ----->this is chrome
2019-10-17 15:33:23,587 test_001_login_case.py--> setUp 20: INFO ----->this is chrome
2019-10-17 15:33:24,832 test_001_login_case.py--> setUp 20: INFO ----->this is chrome
2019-10-17 15:33:40,783 test_002_shenl_case.py--> setUp 20: INFO ----->配置管理
2019-10-17 15:34:02,711 test_002_shenl_case.py--> setUp 20: INFO ----->配置管理
2019-10-17 15:34:23,506 test_002_shenl_case.py--> setUp 20: INFO ----->配置管理
2019-10-17 15:34:47,690 test_002_shenl_case.py--> setUp 20: INFO ----->配置管理
2019-10-17 15:35:11,524 test_002_shenl_case.py--> setUp 20: INFO ----->配置管理
2019-10-17 15:35:36,168 test_002_shenl_case.py--> setUp 20: INFO ----->配置管理
2019-10-17 15:35:55,800 test_002_shenl_case.py--> setUp 20: INFO ----->配置管理
2019-10-17 15:36:29,805 test_003_yans_case.py--> setUp 20: INFO ----->验收
2019-10-17 15:36:49,514 test_003_yans_case.py--> setUp 20: INFO ----->验收
2019-10-17 15:37:09,279 test_003_yans_case.py--> setUp 20: INFO ----->验收
2019-10-17 15:37:32,819 test_003_yans_case.py--> setUp 20: INFO ----->验收
2019-10-17 15:38:11,853 test_004_dengz_case.py--> setUp 20: INFO ----->登账
2019-10-17 15:38:57,499 test_004_dengz_case.py--> setUp 20: INFO ----->登账
2019-10-17 15:39:59,201 test_005_fenp_case.py--> setUp 20: INFO ----->分配
2019-10-17 15:40:39,633 test_005_fenp_case.py--> setUp 20: INFO ----->分配
2019-10-17 15:41:25,326 test_005_fenp_case.py--> setUp 20: INFO ----->分配
2019-10-17 15:42:14,910 test_006_guih_case.py--> setUp 20: INFO ----->归还
2019-10-17 15:42:15,505 test_006_guih_case.py--> setUp 20: INFO ----->归还
2019-10-17 15:50:34,662 test_001_login_case.py--> setUp 20: INFO ----->this is chrome
2019-10-17 15:50:36,178 test_001_login_case.py--> setUp 20: INFO ----->this is chrome
2019-10-17 15:50:37,159 test_001_login_case.py--> setUp 20: INFO ----->this is chrome
2019-10-17 15:50:38,361 test_001_login_case.py--> setUp 20: INFO ----->this is chrome
2019-10-17 15:50:39,424 test_001_login_case.py--> setUp 20: INFO ----->this is chrome
2019-10-17 15:50:55,795 test_002_shenl_case.py--> setUp 20: INFO ----->配置管理
2019-10-17 15:51:17,992 test_002_shenl_case.py--> setUp 20: INFO ----->配置管理
2019-10-17 15:51:38,860 test_002_shenl_case.py--> setUp 20: INFO ----->配置管理
2019-10-17 15:52:03,436 test_002_shenl_case.py--> setUp 20: INFO ----->配置管理
2019-10-17 15:52:27,735 test_002_shenl_case.py--> setUp 20: INFO ----->配置管理
2019-10-17 15:52:52,969 test_002_shenl_case.py--> setUp 20: INFO ----->配置管理
2019-10-17 15:53:13,665 test_002_shenl_case.py--> setUp 20: INFO ----->配置管理
2019-10-17 15:53:48,359 test_003_yans_case.py--> setUp 20: INFO ----->验收
2019-10-17 15:54:13,979 test_003_yans_case.py--> setUp 20: INFO ----->验收
2019-10-17 15:54:36,103 test_003_yans_case.py--> setUp 20: INFO ----->验收
2019-10-17 15:55:02,285 test_003_yans_case.py--> setUp 20: INFO ----->验收
2019-10-17 15:55:43,578 test_004_dengz_case.py--> setUp 20: INFO ----->登账
2019-10-17 15:56:34,739 test_004_dengz_case.py--> setUp 20: INFO ----->登账
2019-10-17 15:57:40,496 test_005_fenp_case.py--> setUp 20: INFO ----->分配
2019-10-17 15:58:24,688 test_005_fenp_case.py--> setUp 20: INFO ----->分配
2019-10-17 15:59:09,018 test_005_fenp_case.py--> setUp 20: INFO ----->分配
2019-10-17 16:00:02,697 test_006_guih_case.py--> setUp 20: INFO ----->归还
2019-10-17 16:00:03,380 test_006_guih_case.py--> setUp 20: INFO ----->归还
2019-10-17 16:00:17,678 test_007_zhuany_case.py--> setUp 20: INFO ----->转移流程
2019-10-17 16:00:18,209 test_007_zhuany_case.py--> setUp 20: INFO ----->转移流程
2019-10-17 16:00:18,748 test_007_zhuany_case.py--> setUp 20: INFO ----->转移流程
2019-10-17 16:00:19,201 test_007_zhuany_case.py--> setUp 20: INFO ----->转移流程
2019-10-17 16:06:11,881 test_008_shouh_case.py--> setUp 20: INFO ----->收回
2019-10-17 16:07:31,445 test_008_shouh_case.py--> setUp 20: INFO ----->收回
2019-10-17 16:08:37,139 test_001_login_case.py--> setUp 20: INFO ----->this is chrome
2019-10-17 16:08:38,273 test_001_login_case.py--> setUp 20: INFO ----->this is chrome
2019-10-17 16:08:39,209 test_001_login_case.py--> setUp 20: INFO ----->this is chrome
2019-10-17 16:08:40,377 test_001_login_case.py--> setUp 20: INFO ----->this is chrome
2019-10-17 16:08:41,348 test_001_login_case.py--> setUp 20: INFO ----->this is chrome
2019-10-17 16:08:57,074 test_002_shenl_case.py--> setUp 20: INFO ----->配置管理
2019-10-17 16:09:18,582 test_002_shenl_case.py--> setUp 20: INFO ----->配置管理
2019-10-17 16:09:38,937 test_002_shenl_case.py--> setUp 20: INFO ----->配置管理
2019-10-17 16:10:08,036 test_002_shenl_case.py--> setUp 20: INFO ----->配置管理
2019-10-17 16:10:31,645 test_002_shenl_case.py--> setUp 20: INFO ----->配置管理
2019-10-17 16:10:55,783 test_002_shenl_case.py--> setUp 20: INFO ----->配置管理
2019-10-17 16:11:16,942 test_002_shenl_case.py--> setUp 20: INFO ----->配置管理
2019-10-17 16:11:51,148 test_003_yans_case.py--> setUp 20: INFO ----->验收
2019-10-17 16:12:12,582 test_003_yans_case.py--> setUp 20: INFO ----->验收
2019-10-17 16:12:32,675 test_003_yans_case.py--> setUp 20: INFO ----->验收
2019-10-17 16:12:57,307 test_003_yans_case.py--> setUp 20: INFO ----->验收
2019-10-17 16:13:36,277 test_004_dengz_case.py--> setUp 20: INFO ----->登账
2019-10-17 16:14:22,945 test_004_dengz_case.py--> setUp 20: INFO ----->登账
2019-10-17 16:15:26,301 test_005_fenp_case.py--> setUp 20: INFO ----->分配
2019-10-17 16:16:10,833 test_005_fenp_case.py--> setUp 20: INFO ----->分配
2019-10-17 16:16:55,280 test_005_fenp_case.py--> setUp 20: INFO ----->分配
2019-10-17 16:17:49,435 test_006_guih_case.py--> setUp 20: INFO ----->归还
2019-10-17 16:17:50,215 test_006_guih_case.py--> setUp 20: INFO ----->归还
