2019-10-25 13:37:12,680 test_001_login_case.py--> setUp 20: INFO ----->this is chrome
2019-10-25 13:37:14,184 test_001_login_case.py--> setUp 20: INFO ----->this is chrome
2019-10-25 13:37:15,232 test_001_login_case.py--> setUp 20: INFO ----->this is chrome
2019-10-25 13:37:16,263 test_001_login_case.py--> setUp 20: INFO ----->this is chrome
2019-10-25 13:37:17,276 test_001_login_case.py--> setUp 20: INFO ----->this is chrome
2019-10-25 13:37:43,879 test_002_shenl_case.py--> setUp 20: INFO ----->配置管理
2019-10-25 13:38:06,523 test_002_shenl_case.py--> setUp 20: INFO ----->配置管理
2019-10-25 13:38:27,709 test_002_shenl_case.py--> setUp 20: INFO ----->配置管理
2019-10-25 13:38:52,768 test_002_shenl_case.py--> setUp 20: INFO ----->配置管理
2019-10-25 13:39:17,033 test_002_shenl_case.py--> setUp 20: INFO ----->配置管理
2019-10-25 13:39:41,081 test_002_shenl_case.py--> setUp 20: INFO ----->配置管理
2019-10-25 13:40:01,028 test_002_shenl_case.py--> setUp 20: INFO ----->配置管理
2019-10-25 13:40:33,685 test_003_yans_case.py--> setUp 20: INFO ----->验收
2019-10-25 13:40:55,207 test_003_yans_case.py--> setUp 20: INFO ----->验收
2019-10-25 13:41:15,767 test_003_yans_case.py--> setUp 20: INFO ----->验收
2019-10-25 13:41:42,131 test_003_yans_case.py--> setUp 20: INFO ----->验收
2019-10-25 13:42:21,098 test_004_dengz_case.py--> setUp 20: INFO ----->登账
2019-10-25 13:43:06,816 test_004_dengz_case.py--> setUp 20: INFO ----->登账
2019-10-25 13:44:07,310 test_005_fenp_case.py--> setUp 20: INFO ----->分配
2019-10-25 13:44:49,513 test_005_fenp_case.py--> setUp 20: INFO ----->分配
2019-10-25 13:45:31,652 test_005_fenp_case.py--> setUp 20: INFO ----->分配
2019-10-25 13:46:20,914 test_006_guih_case.py--> setUp 20: INFO ----->归还
2019-10-25 13:46:21,696 test_006_guih_case.py--> setUp 20: INFO ----->归还
2019-10-25 13:46:34,813 test_007_zhuany_case.py--> setUp 20: INFO ----->转移流程
2019-10-25 13:46:35,223 test_007_zhuany_case.py--> setUp 20: INFO ----->转移流程
2019-10-25 13:46:35,613 test_007_zhuany_case.py--> setUp 20: INFO ----->转移流程
2019-10-25 13:46:35,964 test_007_zhuany_case.py--> setUp 20: INFO ----->转移流程
2019-10-25 13:46:49,156 test_008_shouh_case.py--> setUp 20: INFO ----->收回
2019-10-25 13:46:49,569 test_008_shouh_case.py--> setUp 20: INFO ----->收回
2019-10-25 13:47:02,795 test_009_weix_case.py--> setUp 20: INFO ----->登账
2019-10-25 13:47:03,197 test_009_weix_case.py--> setUp 20: INFO ----->登账
2019-10-25 13:47:03,611 test_009_weix_case.py--> setUp 20: INFO ----->登账
2019-10-25 13:47:04,036 test_009_weix_case.py--> setUp 20: INFO ----->登账
2019-10-25 13:47:04,651 test_009_weix_case.py--> setUp 20: INFO ----->登账
2019-10-25 13:47:05,084 test_009_weix_case.py--> setUp 20: INFO ----->登账
2019-10-25 15:07:18,142 test_001_login_case.py--> setUp 20: INFO ----->this is chrome
2019-10-25 15:07:19,262 test_001_login_case.py--> setUp 20: INFO ----->this is chrome
2019-10-25 15:07:20,219 test_001_login_case.py--> setUp 20: INFO ----->this is chrome
2019-10-25 15:07:21,289 test_001_login_case.py--> setUp 20: INFO ----->this is chrome
2019-10-25 15:07:22,317 test_001_login_case.py--> setUp 20: INFO ----->this is chrome
2019-10-25 15:07:47,106 test_002_shenl_case.py--> setUp 20: INFO ----->配置管理
2019-10-25 15:08:08,349 test_002_shenl_case.py--> setUp 20: INFO ----->配置管理
2019-10-25 15:08:28,432 test_002_shenl_case.py--> setUp 20: INFO ----->配置管理
2019-10-25 15:08:53,171 test_002_shenl_case.py--> setUp 20: INFO ----->配置管理
2019-10-25 15:09:17,560 test_002_shenl_case.py--> setUp 20: INFO ----->配置管理
2019-10-25 15:09:42,634 test_002_shenl_case.py--> setUp 20: INFO ----->配置管理
2019-10-25 15:10:02,526 test_002_shenl_case.py--> setUp 20: INFO ----->配置管理
2019-10-25 15:10:34,989 test_003_yans_case.py--> setUp 20: INFO ----->验收
2019-10-25 15:10:55,631 test_003_yans_case.py--> setUp 20: INFO ----->验收
2019-10-25 15:11:15,507 test_003_yans_case.py--> setUp 20: INFO ----->验收
2019-10-25 15:11:39,274 test_003_yans_case.py--> setUp 20: INFO ----->验收
2019-10-25 15:12:18,518 test_004_dengz_case.py--> setUp 20: INFO ----->登账
2019-10-25 15:13:05,409 test_004_dengz_case.py--> setUp 20: INFO ----->登账
2019-10-25 15:14:06,116 test_005_fenp_case.py--> setUp 20: INFO ----->分配
2019-10-25 15:14:46,972 test_005_fenp_case.py--> setUp 20: INFO ----->分配
2019-10-25 15:15:29,418 test_005_fenp_case.py--> setUp 20: INFO ----->分配
2019-10-25 15:16:19,336 test_006_guih_case.py--> setUp 20: INFO ----->归还
2019-10-25 15:16:20,151 test_006_guih_case.py--> setUp 20: INFO ----->归还
2019-10-25 15:19:35,377 test_006_guih_case.py--> setUp 20: INFO ----->归还
2019-10-25 15:20:31,067 test_006_guih_case.py--> setUp 20: INFO ----->归还
2019-10-25 15:27:49,183 test_001_login_case.py--> setUp 20: INFO ----->this is chrome
2019-10-25 15:27:50,348 test_001_login_case.py--> setUp 20: INFO ----->this is chrome
2019-10-25 15:27:51,291 test_001_login_case.py--> setUp 20: INFO ----->this is chrome
2019-10-25 15:27:52,428 test_001_login_case.py--> setUp 20: INFO ----->this is chrome
2019-10-25 15:27:53,471 test_001_login_case.py--> setUp 20: INFO ----->this is chrome
2019-10-25 15:28:18,754 test_002_shenl_case.py--> setUp 20: INFO ----->配置管理
2019-10-25 15:28:42,486 test_002_shenl_case.py--> setUp 20: INFO ----->配置管理
2019-10-25 15:29:03,329 test_002_shenl_case.py--> setUp 20: INFO ----->配置管理
2019-10-25 15:29:33,327 test_002_shenl_case.py--> setUp 20: INFO ----->配置管理
2019-10-25 15:30:02,853 test_002_shenl_case.py--> setUp 20: INFO ----->配置管理
2019-10-25 15:30:27,573 test_002_shenl_case.py--> setUp 20: INFO ----->配置管理
2019-10-25 15:30:48,157 test_002_shenl_case.py--> setUp 20: INFO ----->配置管理
2019-10-25 15:31:28,356 test_003_yans_case.py--> setUp 20: INFO ----->验收
2019-10-25 15:31:51,143 test_003_yans_case.py--> setUp 20: INFO ----->验收
2019-10-25 15:32:12,169 test_003_yans_case.py--> setUp 20: INFO ----->验收
2019-10-25 15:32:40,433 test_003_yans_case.py--> setUp 20: INFO ----->验收
2019-10-25 15:33:19,917 test_004_dengz_case.py--> setUp 20: INFO ----->登账
2019-10-25 15:34:08,770 test_004_dengz_case.py--> setUp 20: INFO ----->登账
2019-10-25 15:35:10,223 test_005_fenp_case.py--> setUp 20: INFO ----->分配
2019-10-25 15:35:51,919 test_005_fenp_case.py--> setUp 20: INFO ----->分配
2019-10-25 15:36:34,815 test_005_fenp_case.py--> setUp 20: INFO ----->分配
2019-10-25 15:37:26,419 test_006_guih_case.py--> setUp 20: INFO ----->归还
2019-10-25 15:37:26,878 test_006_guih_case.py--> setUp 20: INFO ----->归还
2019-10-25 15:37:40,231 test_007_zhuany_case.py--> setUp 20: INFO ----->转移流程
2019-10-25 15:37:40,742 test_007_zhuany_case.py--> setUp 20: INFO ----->转移流程
2019-10-25 15:37:41,103 test_007_zhuany_case.py--> setUp 20: INFO ----->转移流程
2019-10-25 15:37:41,510 test_007_zhuany_case.py--> setUp 20: INFO ----->转移流程
2019-10-25 15:40:02,652 test_006_guih_case.py--> setUp 20: INFO ----->归还
2019-10-25 15:41:00,353 test_006_guih_case.py--> setUp 20: INFO ----->归还
2019-10-25 15:41:20,831 test_006_guih_case.py--> setUp 20: INFO ----->归还
2019-10-25 15:42:15,939 test_006_guih_case.py--> setUp 20: INFO ----->归还
2019-10-25 15:43:19,702 test_001_login_case.py--> setUp 20: INFO ----->this is chrome
2019-10-25 15:43:21,057 test_001_login_case.py--> setUp 20: INFO ----->this is chrome
2019-10-25 15:43:22,113 test_001_login_case.py--> setUp 20: INFO ----->this is chrome
2019-10-25 15:43:23,280 test_001_login_case.py--> setUp 20: INFO ----->this is chrome
2019-10-25 15:43:24,299 test_001_login_case.py--> setUp 20: INFO ----->this is chrome
2019-10-25 15:43:40,913 test_002_shenl_case.py--> setUp 20: INFO ----->配置管理
2019-10-25 15:44:04,025 test_002_shenl_case.py--> setUp 20: INFO ----->配置管理
2019-10-25 15:44:23,956 test_002_shenl_case.py--> setUp 20: INFO ----->配置管理
2019-10-25 15:44:48,407 test_002_shenl_case.py--> setUp 20: INFO ----->配置管理
2019-10-25 15:45:13,307 test_002_shenl_case.py--> setUp 20: INFO ----->配置管理
2019-10-25 15:45:38,729 test_002_shenl_case.py--> setUp 20: INFO ----->配置管理
2019-10-25 15:45:59,255 test_002_shenl_case.py--> setUp 20: INFO ----->配置管理
2019-10-25 15:46:33,824 test_003_yans_case.py--> setUp 20: INFO ----->验收
2019-10-25 15:47:05,438 test_003_yans_case.py--> setUp 20: INFO ----->验收
2019-10-25 15:47:25,974 test_003_yans_case.py--> setUp 20: INFO ----->验收
2019-10-25 15:47:50,961 test_003_yans_case.py--> setUp 20: INFO ----->验收
2019-10-25 15:48:31,395 test_004_dengz_case.py--> setUp 20: INFO ----->登账
2019-10-25 15:49:20,063 test_004_dengz_case.py--> setUp 20: INFO ----->登账
2019-10-25 15:50:24,463 test_005_fenp_case.py--> setUp 20: INFO ----->分配
2019-10-25 15:51:07,503 test_005_fenp_case.py--> setUp 20: INFO ----->分配
2019-10-25 15:51:49,519 test_005_fenp_case.py--> setUp 20: INFO ----->分配
2019-10-25 15:52:43,117 test_006_guih_case.py--> setUp 20: INFO ----->归还
2019-10-25 15:52:44,028 test_006_guih_case.py--> setUp 20: INFO ----->归还
2019-10-25 15:59:21,645 test_006_guih_case.py--> setUp 20: INFO ----->归还
2019-10-25 16:00:19,117 test_006_guih_case.py--> setUp 20: INFO ----->归还
2019-10-25 16:06:18,825 test_006_guih_case.py--> setUp 20: INFO ----->归还
2019-10-25 16:06:51,017 test_001_login_case.py--> setUp 20: INFO ----->this is chrome
2019-10-25 16:06:52,006 test_001_login_case.py--> setUp 20: INFO ----->this is chrome
2019-10-25 16:06:52,880 test_001_login_case.py--> setUp 20: INFO ----->this is chrome
2019-10-25 16:06:53,872 test_001_login_case.py--> setUp 20: INFO ----->this is chrome
2019-10-25 16:06:54,830 test_001_login_case.py--> setUp 20: INFO ----->this is chrome
2019-10-25 16:07:10,611 test_002_shenl_case.py--> setUp 20: INFO ----->配置管理
2019-10-25 16:07:31,792 test_002_shenl_case.py--> setUp 20: INFO ----->配置管理
2019-10-25 16:07:53,076 test_002_shenl_case.py--> setUp 20: INFO ----->配置管理
2019-10-25 16:08:18,743 test_002_shenl_case.py--> setUp 20: INFO ----->配置管理
2019-10-25 16:08:42,507 test_002_shenl_case.py--> setUp 20: INFO ----->配置管理
2019-10-25 16:09:07,556 test_002_shenl_case.py--> setUp 20: INFO ----->配置管理
2019-10-25 16:09:28,047 test_002_shenl_case.py--> setUp 20: INFO ----->配置管理
2019-10-25 16:10:04,150 test_003_yans_case.py--> setUp 20: INFO ----->验收
2019-10-25 16:10:24,206 test_003_yans_case.py--> setUp 20: INFO ----->验收
2019-10-25 16:10:46,442 test_003_yans_case.py--> setUp 20: INFO ----->验收
2019-10-25 16:11:13,040 test_003_yans_case.py--> setUp 20: INFO ----->验收
2019-10-25 16:11:52,665 test_004_dengz_case.py--> setUp 20: INFO ----->登账
2019-10-25 16:12:44,818 test_004_dengz_case.py--> setUp 20: INFO ----->登账
2019-10-25 16:13:53,103 test_005_fenp_case.py--> setUp 20: INFO ----->分配
2019-10-25 16:14:38,873 test_005_fenp_case.py--> setUp 20: INFO ----->分配
2019-10-25 16:15:26,132 test_005_fenp_case.py--> setUp 20: INFO ----->分配
2019-10-25 16:16:25,297 test_006_guih_case.py--> setUp 20: INFO ----->归还
2019-10-25 16:17:26,593 test_006_guih_case.py--> setUp 20: INFO ----->归还
2019-10-25 16:18:34,070 test_007_zhuany_case.py--> setUp 20: INFO ----->转移流程
2019-10-25 16:20:03,397 test_007_zhuany_case.py--> setUp 20: INFO ----->转移流程
2019-10-25 16:20:52,016 test_007_zhuany_case.py--> setUp 20: INFO ----->转移流程
2019-10-25 16:21:43,760 test_007_zhuany_case.py--> setUp 20: INFO ----->转移流程
2019-10-25 16:23:13,036 test_008_shouh_case.py--> setUp 20: INFO ----->收回
2019-10-25 16:24:49,464 test_008_shouh_case.py--> setUp 20: INFO ----->收回
2019-10-25 16:26:32,015 test_009_weix_case.py--> setUp 20: INFO ----->登账
2019-10-25 16:28:56,474 test_009_weix_case.py--> setUp 20: INFO ----->登账
2019-10-25 16:30:30,511 test_009_weix_case.py--> setUp 20: INFO ----->登账
2019-10-25 16:31:38,724 test_009_weix_case.py--> setUp 20: INFO ----->登账
2019-10-25 16:32:45,062 test_009_weix_case.py--> setUp 20: INFO ----->登账
2019-10-25 16:34:17,292 test_009_weix_case.py--> setUp 20: INFO ----->登账
2019-10-25 16:35:55,265 test_010_chuzhi_case.py--> setUp 20: INFO ----->登账
2019-10-25 16:37:54,428 test_010_chuzhi_case.py--> setUp 20: INFO ----->登账
2019-10-25 16:41:00,773 test_007_zhuany_case.py--> setUp 20: INFO ----->转移流程
2019-10-25 16:41:56,237 test_007_zhuany_case.py--> setUp 20: INFO ----->转移流程
2019-10-25 16:42:43,851 test_007_zhuany_case.py--> setUp 20: INFO ----->转移流程
2019-10-25 16:43:54,132 test_007_zhuany_case.py--> setUp 20: INFO ----->转移流程
2019-10-25 16:45:16,737 test_008_shouh_case.py--> setUp 20: INFO ----->收回
2019-10-25 16:46:34,507 test_008_shouh_case.py--> setUp 20: INFO ----->收回
2019-10-25 16:48:16,747 test_009_weix_case.py--> setUp 20: INFO ----->登账
2019-10-25 16:49:51,955 test_009_weix_case.py--> setUp 20: INFO ----->登账
2019-10-25 16:50:43,531 test_010_chuzhi_case.py--> setUp 20: INFO ----->登账
2019-10-25 16:52:52,378 test_010_chuzhi_case.py--> setUp 20: INFO ----->登账
2019-10-25 16:54:08,549 test_010_chuzhi_case.py--> setUp 20: INFO ----->登账
2019-10-25 16:56:09,422 test_010_chuzhi_case.py--> setUp 20: INFO ----->登账
